{"/Users/mk/workspace/url-pattern/lib/url-pattern.js":{"path":"/Users/mk/workspace/url-pattern/lib/url-pattern.js","s":{"1":1,"2":1,"3":1,"4":0,"5":1,"6":1,"7":0,"8":1,"9":1,"10":157,"11":1,"12":110,"13":110,"14":110,"15":110,"16":110,"17":289,"18":110,"19":1,"20":169,"21":169,"22":169,"23":169,"24":169,"25":477,"26":158,"27":1,"28":11,"29":1,"30":68,"31":68,"32":68,"33":68,"34":68,"35":135,"36":135,"37":135,"38":19,"39":116,"40":16,"41":12,"42":16,"43":100,"44":68,"45":1,"46":1,"47":2595,"48":2595,"49":1,"50":495,"51":495,"52":1,"53":284,"54":3199,"55":3199,"56":3199,"57":2704,"58":495,"59":495,"60":1,"61":213,"62":0,"63":213,"64":1102,"65":1102,"66":1102,"67":151,"68":951,"69":951,"70":1,"71":2087,"72":2087,"73":2087,"74":2087,"75":2087,"76":2087,"77":2087,"78":2087,"79":2087,"80":2335,"81":2335,"82":0,"83":2335,"84":2335,"85":1919,"86":416,"87":416,"88":168,"89":1,"90":213,"91":213,"92":213,"93":2087,"94":2087,"95":2087,"96":1919,"97":168,"98":168,"99":168,"100":0,"101":0,"102":0,"103":168,"104":1,"105":568,"106":568,"107":568,"108":0,"109":568,"110":7452,"111":581,"112":1,"113":355,"114":355,"115":355,"116":2437,"117":278,"118":2437,"119":1,"120":612,"121":612,"122":612,"123":612,"124":1904,"125":1272,"126":1272,"127":276,"128":1628,"129":1628,"130":336,"131":1292,"132":851,"133":441,"134":1292,"135":612,"136":212,"137":400,"138":1,"139":71,"140":191,"141":1,"142":71,"143":421,"144":1,"145":213,"146":213,"147":213,"148":2900,"149":2900,"150":2900,"151":2900,"152":8769,"153":8769,"154":0,"155":8769,"156":8769,"157":1568,"158":1,"159":71,"160":71,"161":71,"162":71,"163":23,"164":71,"165":71,"166":45,"167":71,"168":71,"169":68,"170":71,"171":71,"172":71,"173":71,"174":71,"175":1,"176":1,"177":392,"178":107,"179":285,"180":285,"181":37,"182":66,"183":145,"184":37,"185":1,"186":70,"187":8,"188":70,"189":1,"190":392,"191":107,"192":285,"193":37,"194":66,"195":145,"196":37,"197":1,"198":135,"199":135,"200":13,"201":135,"202":135,"203":25,"204":5,"205":20,"206":110,"207":110,"208":110,"209":14,"210":6,"211":8,"212":96,"213":96,"214":68,"215":96,"216":1,"217":129,"218":129,"219":40,"220":40,"221":40,"222":89,"223":21,"224":19,"225":89,"226":9,"227":34,"228":40,"229":6,"230":1,"231":243,"232":58,"233":185,"234":185,"235":15,"236":51,"237":85,"238":34,"239":21,"240":13,"241":1,"242":85,"243":85,"244":1,"245":1,"246":1,"247":1,"248":1,"249":84,"250":84,"251":2,"252":82,"253":10,"254":10,"255":5,"256":1,"257":4,"258":4,"259":2,"260":2,"261":7,"262":72,"263":1,"264":71,"265":71,"266":2,"267":69,"268":69,"269":69,"270":69,"271":5,"272":64,"273":2,"274":62,"275":62,"276":62,"277":1,"278":86,"279":86,"280":86,"281":23,"282":63,"283":63,"284":59,"285":4,"286":1,"287":39,"288":9,"289":39,"290":1,"291":38,"292":1,"293":37,"294":1,"295":1,"296":1,"297":1,"298":1,"299":1,"300":1,"301":1,"302":1,"303":1,"304":1,"305":1,"306":1,"307":1},"b":{"1":[0,1],"2":[1,0],"3":[1,0],"4":[1,1],"5":[19,116],"6":[16,100],"7":[12,4],"8":[2704,495],"9":[0,213],"10":[151,951],"11":[2087,0],"12":[0,2335],"13":[1919,416],"14":[213,0],"15":[1919,168],"16":[168,0],"17":[0,568],"18":[581,6871],"19":[278,2159],"20":[421,191],"21":[1272,632],"22":[276,996],"23":[336,1292],"24":[851,441],"25":[212,400],"26":[612,612],"27":[213,0],"28":[0,8769],"29":[1568,7201],"30":[107,285],"31":[37,66,145,37],"32":[8,62],"33":[107,285],"34":[37,66,145,37],"35":[13,122],"36":[25,110],"37":[5,20],"38":[110,87],"39":[28,82],"40":[14,96],"41":[6,8],"42":[22,74],"43":[68,28],"44":[40,89],"45":[21,68],"46":[9,34,40,6],"47":[58,185],"48":[15,51,85,34],"49":[21,13],"50":[1,84],"51":[2,82],"52":[84,12],"53":[10,72],"54":[5,5],"55":[1,4],"56":[2,2],"57":[1,71],"58":[2,69],"59":[69,68],"60":[2,67],"61":[69,68],"62":[2,67],"63":[69,68],"64":[2,67],"65":[69,67],"66":[2,67],"67":[69,68],"68":[2,67],"69":[69,68],"70":[2,67],"71":[69,68],"72":[2,67],"73":[5,64],"74":[2,62],"75":[23,63],"76":[59,4],"77":[9,30],"78":[1,38],"79":[1,37]},"f":{"1":1,"2":1,"3":157,"4":110,"5":169,"6":11,"7":68,"8":2595,"9":495,"10":284,"11":3199,"12":213,"13":1102,"14":2087,"15":2087,"16":213,"17":2087,"18":0,"19":568,"20":7452,"21":355,"22":2437,"23":612,"24":71,"25":191,"26":71,"27":421,"28":213,"29":2900,"30":71,"31":23,"32":45,"33":68,"34":71,"35":71,"36":392,"37":285,"38":70,"39":392,"40":135,"41":129,"42":243,"43":185,"44":85,"45":86,"46":39},"fnMap":{"1":{"name":"(anonymous_1)","line":4,"loc":{"start":{"line":4,"column":1},"end":{"line":4,"column":25}}},"2":{"name":"(anonymous_2)","line":12,"loc":{"start":{"line":12,"column":9},"end":{"line":12,"column":20}}},"3":{"name":"(anonymous_3)","line":14,"loc":{"start":{"line":14,"column":19},"end":{"line":14,"column":36}}},"4":{"name":"(anonymous_4)","line":17,"loc":{"start":{"line":17,"column":14},"end":{"line":17,"column":33}}},"5":{"name":"(anonymous_5)","line":27,"loc":{"start":{"line":27,"column":20},"end":{"line":27,"column":39}}},"6":{"name":"(anonymous_6)","line":37,"loc":{"start":{"line":37,"column":20},"end":{"line":37,"column":36}}},"7":{"name":"(anonymous_7)","line":40,"loc":{"start":{"line":40,"column":26},"end":{"line":40,"column":49}}},"8":{"name":"(anonymous_8)","line":63,"loc":{"start":{"line":63,"column":13},"end":{"line":63,"column":35}}},"9":{"name":"(anonymous_9)","line":67,"loc":{"start":{"line":67,"column":13},"end":{"line":67,"column":34}}},"10":{"name":"(anonymous_10)","line":71,"loc":{"start":{"line":71,"column":10},"end":{"line":71,"column":32}}},"11":{"name":"(anonymous_11)","line":72,"loc":{"start":{"line":72,"column":11},"end":{"line":72,"column":27}}},"12":{"name":"(anonymous_12)","line":82,"loc":{"start":{"line":82,"column":12},"end":{"line":82,"column":28}}},"13":{"name":"(anonymous_13)","line":86,"loc":{"start":{"line":86,"column":11},"end":{"line":86,"column":27}}},"14":{"name":"(anonymous_14)","line":96,"loc":{"start":{"line":96,"column":15},"end":{"line":96,"column":26}}},"15":{"name":"(anonymous_15)","line":99,"loc":{"start":{"line":99,"column":11},"end":{"line":99,"column":27}}},"16":{"name":"(anonymous_16)","line":120,"loc":{"start":{"line":120,"column":11},"end":{"line":120,"column":22}}},"17":{"name":"(anonymous_17)","line":123,"loc":{"start":{"line":123,"column":11},"end":{"line":123,"column":27}}},"18":{"name":"(anonymous_18)","line":134,"loc":{"start":{"line":134,"column":24},"end":{"line":134,"column":36}}},"19":{"name":"(anonymous_19)","line":141,"loc":{"start":{"line":141,"column":13},"end":{"line":141,"column":30}}},"20":{"name":"(anonymous_20)","line":147,"loc":{"start":{"line":147,"column":13},"end":{"line":147,"column":29}}},"21":{"name":"(anonymous_21)","line":154,"loc":{"start":{"line":154,"column":11},"end":{"line":154,"column":24}}},"22":{"name":"(anonymous_22)","line":157,"loc":{"start":{"line":157,"column":11},"end":{"line":157,"column":27}}},"23":{"name":"(anonymous_23)","line":164,"loc":{"start":{"line":164,"column":15},"end":{"line":164,"column":84}}},"24":{"name":"(anonymous_24)","line":191,"loc":{"start":{"line":191,"column":12},"end":{"line":191,"column":29}}},"25":{"name":"(anonymous_25)","line":192,"loc":{"start":{"line":192,"column":11},"end":{"line":192,"column":27}}},"26":{"name":"(anonymous_26)","line":196,"loc":{"start":{"line":196,"column":22},"end":{"line":196,"column":44}}},"27":{"name":"(anonymous_27)","line":197,"loc":{"start":{"line":197,"column":11},"end":{"line":197,"column":27}}},"28":{"name":"(anonymous_28)","line":201,"loc":{"start":{"line":201,"column":18},"end":{"line":201,"column":29}}},"29":{"name":"(anonymous_29)","line":204,"loc":{"start":{"line":204,"column":11},"end":{"line":204,"column":27}}},"30":{"name":"(anonymous_30)","line":220,"loc":{"start":{"line":220,"column":14},"end":{"line":220,"column":32}}},"31":{"name":"(anonymous_31)","line":224,"loc":{"start":{"line":224,"column":96},"end":{"line":224,"column":107}}},"32":{"name":"(anonymous_32)","line":228,"loc":{"start":{"line":228,"column":86},"end":{"line":228,"column":97}}},"33":{"name":"(anonymous_33)","line":232,"loc":{"start":{"line":232,"column":73},"end":{"line":232,"column":84}}},"34":{"name":"(anonymous_34)","line":235,"loc":{"start":{"line":235,"column":21},"end":{"line":235,"column":32}}},"35":{"name":"(anonymous_35)","line":238,"loc":{"start":{"line":238,"column":31},"end":{"line":238,"column":42}}},"36":{"name":"(anonymous_36)","line":252,"loc":{"start":{"line":252,"column":29},"end":{"line":252,"column":68}}},"37":{"name":"(anonymous_37)","line":254,"loc":{"start":{"line":254,"column":38},"end":{"line":254,"column":53}}},"38":{"name":"(anonymous_38)","line":269,"loc":{"start":{"line":269,"column":25},"end":{"line":269,"column":64}}},"39":{"name":"(anonymous_39)","line":275,"loc":{"start":{"line":275,"column":19},"end":{"line":275,"column":37}}},"40":{"name":"(anonymous_40)","line":290,"loc":{"start":{"line":290,"column":13},"end":{"line":290,"column":61}}},"41":{"name":"(anonymous_41)","line":318,"loc":{"start":{"line":318,"column":45},"end":{"line":318,"column":84}}},"42":{"name":"(anonymous_42)","line":341,"loc":{"start":{"line":341,"column":14},"end":{"line":341,"column":53}}},"43":{"name":"(anonymous_43)","line":343,"loc":{"start":{"line":343,"column":38},"end":{"line":343,"column":53}}},"44":{"name":"(anonymous_44)","line":362,"loc":{"start":{"line":362,"column":15},"end":{"line":362,"column":36}}},"45":{"name":"(anonymous_45)","line":417,"loc":{"start":{"line":417,"column":31},"end":{"line":417,"column":45}}},"46":{"name":"(anonymous_46)","line":430,"loc":{"start":{"line":430,"column":35},"end":{"line":430,"column":52}}}},"statementMap":{"1":{"start":{"line":2,"column":0},"end":{"line":2,"column":21}},"2":{"start":{"line":4,"column":0},"end":{"line":456,"column":3}},"3":{"start":{"line":5,"column":2},"end":{"line":11,"column":3}},"4":{"start":{"line":6,"column":4},"end":{"line":6,"column":31}},"5":{"start":{"line":7,"column":9},"end":{"line":11,"column":3}},"6":{"start":{"line":8,"column":4},"end":{"line":8,"column":38}},"7":{"start":{"line":10,"column":4},"end":{"line":10,"column":39}},"8":{"start":{"line":13,"column":2},"end":{"line":13,"column":258}},"9":{"start":{"line":14,"column":2},"end":{"line":16,"column":4}},"10":{"start":{"line":15,"column":4},"end":{"line":15,"column":60}},"11":{"start":{"line":17,"column":2},"end":{"line":26,"column":4}},"12":{"start":{"line":18,"column":4},"end":{"line":18,"column":27}},"13":{"start":{"line":19,"column":4},"end":{"line":19,"column":17}},"14":{"start":{"line":20,"column":4},"end":{"line":20,"column":11}},"15":{"start":{"line":21,"column":4},"end":{"line":21,"column":26}},"16":{"start":{"line":22,"column":4},"end":{"line":24,"column":5}},"17":{"start":{"line":23,"column":6},"end":{"line":23,"column":44}},"18":{"start":{"line":25,"column":4},"end":{"line":25,"column":19}},"19":{"start":{"line":27,"column":2},"end":{"line":36,"column":4}},"20":{"start":{"line":28,"column":4},"end":{"line":28,"column":26}},"21":{"start":{"line":29,"column":4},"end":{"line":29,"column":16}},"22":{"start":{"line":30,"column":4},"end":{"line":30,"column":11}},"23":{"start":{"line":31,"column":4},"end":{"line":31,"column":26}},"24":{"start":{"line":32,"column":4},"end":{"line":34,"column":5}},"25":{"start":{"line":33,"column":6},"end":{"line":33,"column":28}},"26":{"start":{"line":35,"column":4},"end":{"line":35,"column":18}},"27":{"start":{"line":37,"column":2},"end":{"line":39,"column":4}},"28":{"start":{"line":38,"column":4},"end":{"line":38,"column":68}},"29":{"start":{"line":40,"column":2},"end":{"line":61,"column":4}},"30":{"start":{"line":41,"column":4},"end":{"line":41,"column":38}},"31":{"start":{"line":42,"column":4},"end":{"line":42,"column":16}},"32":{"start":{"line":43,"column":4},"end":{"line":43,"column":11}},"33":{"start":{"line":44,"column":4},"end":{"line":44,"column":25}},"34":{"start":{"line":45,"column":4},"end":{"line":59,"column":5}},"35":{"start":{"line":46,"column":6},"end":{"line":46,"column":20}},"36":{"start":{"line":47,"column":6},"end":{"line":47,"column":24}},"37":{"start":{"line":48,"column":6},"end":{"line":50,"column":7}},"38":{"start":{"line":49,"column":8},"end":{"line":49,"column":17}},"39":{"start":{"line":51,"column":6},"end":{"line":58,"column":7}},"40":{"start":{"line":52,"column":8},"end":{"line":54,"column":9}},"41":{"start":{"line":53,"column":10},"end":{"line":53,"column":38}},"42":{"start":{"line":55,"column":8},"end":{"line":55,"column":32}},"43":{"start":{"line":57,"column":8},"end":{"line":57,"column":28}},"44":{"start":{"line":60,"column":4},"end":{"line":60,"column":18}},"45":{"start":{"line":62,"column":2},"end":{"line":62,"column":9}},"46":{"start":{"line":63,"column":2},"end":{"line":66,"column":4}},"47":{"start":{"line":64,"column":4},"end":{"line":64,"column":23}},"48":{"start":{"line":65,"column":4},"end":{"line":65,"column":21}},"49":{"start":{"line":67,"column":2},"end":{"line":70,"column":4}},"50":{"start":{"line":68,"column":4},"end":{"line":68,"column":19}},"51":{"start":{"line":69,"column":4},"end":{"line":69,"column":23}},"52":{"start":{"line":71,"column":2},"end":{"line":81,"column":4}},"53":{"start":{"line":72,"column":4},"end":{"line":80,"column":6}},"54":{"start":{"line":73,"column":6},"end":{"line":73,"column":25}},"55":{"start":{"line":74,"column":6},"end":{"line":74,"column":29}},"56":{"start":{"line":75,"column":6},"end":{"line":77,"column":7}},"57":{"start":{"line":76,"column":8},"end":{"line":76,"column":15}},"58":{"start":{"line":78,"column":6},"end":{"line":78,"column":47}},"59":{"start":{"line":79,"column":6},"end":{"line":79,"column":47}},"60":{"start":{"line":82,"column":2},"end":{"line":95,"column":4}},"61":{"start":{"line":83,"column":4},"end":{"line":85,"column":5}},"62":{"start":{"line":84,"column":6},"end":{"line":84,"column":60}},"63":{"start":{"line":86,"column":4},"end":{"line":94,"column":6}},"64":{"start":{"line":87,"column":6},"end":{"line":87,"column":26}},"65":{"start":{"line":88,"column":6},"end":{"line":88,"column":34}},"66":{"start":{"line":89,"column":6},"end":{"line":91,"column":7}},"67":{"start":{"line":90,"column":8},"end":{"line":90,"column":15}},"68":{"start":{"line":92,"column":6},"end":{"line":92,"column":26}},"69":{"start":{"line":93,"column":6},"end":{"line":93,"column":62}},"70":{"start":{"line":96,"column":2},"end":{"line":119,"column":4}},"71":{"start":{"line":97,"column":4},"end":{"line":97,"column":16}},"72":{"start":{"line":98,"column":4},"end":{"line":98,"column":68}},"73":{"start":{"line":99,"column":4},"end":{"line":118,"column":6}},"74":{"start":{"line":100,"column":6},"end":{"line":100,"column":50}},"75":{"start":{"line":101,"column":6},"end":{"line":101,"column":13}},"76":{"start":{"line":102,"column":6},"end":{"line":102,"column":30}},"77":{"start":{"line":103,"column":6},"end":{"line":103,"column":18}},"78":{"start":{"line":104,"column":6},"end":{"line":104,"column":19}},"79":{"start":{"line":105,"column":6},"end":{"line":116,"column":7}},"80":{"start":{"line":106,"column":8},"end":{"line":106,"column":28}},"81":{"start":{"line":107,"column":8},"end":{"line":109,"column":9}},"82":{"start":{"line":108,"column":10},"end":{"line":108,"column":144}},"83":{"start":{"line":110,"column":8},"end":{"line":110,"column":30}},"84":{"start":{"line":111,"column":8},"end":{"line":113,"column":9}},"85":{"start":{"line":112,"column":10},"end":{"line":112,"column":17}},"86":{"start":{"line":114,"column":8},"end":{"line":114,"column":34}},"87":{"start":{"line":115,"column":8},"end":{"line":115,"column":27}},"88":{"start":{"line":117,"column":6},"end":{"line":117,"column":40}},"89":{"start":{"line":120,"column":2},"end":{"line":140,"column":4}},"90":{"start":{"line":121,"column":4},"end":{"line":121,"column":25}},"91":{"start":{"line":122,"column":4},"end":{"line":122,"column":92}},"92":{"start":{"line":123,"column":4},"end":{"line":139,"column":6}},"93":{"start":{"line":124,"column":6},"end":{"line":124,"column":24}},"94":{"start":{"line":125,"column":6},"end":{"line":125,"column":51}},"95":{"start":{"line":126,"column":6},"end":{"line":128,"column":7}},"96":{"start":{"line":127,"column":8},"end":{"line":127,"column":15}},"97":{"start":{"line":129,"column":6},"end":{"line":129,"column":27}},"98":{"start":{"line":130,"column":6},"end":{"line":137,"column":7}},"99":{"start":{"line":131,"column":8},"end":{"line":131,"column":38}},"100":{"start":{"line":133,"column":8},"end":{"line":133,"column":26}},"101":{"start":{"line":134,"column":8},"end":{"line":136,"column":11}},"102":{"start":{"line":135,"column":10},"end":{"line":135,"column":45}},"103":{"start":{"line":138,"column":6},"end":{"line":138,"column":20}},"104":{"start":{"line":141,"column":2},"end":{"line":153,"column":4}},"105":{"start":{"line":142,"column":4},"end":{"line":142,"column":15}},"106":{"start":{"line":143,"column":4},"end":{"line":143,"column":27}},"107":{"start":{"line":144,"column":4},"end":{"line":152,"column":5}},"108":{"start":{"line":145,"column":6},"end":{"line":145,"column":52}},"109":{"start":{"line":147,"column":6},"end":{"line":151,"column":8}},"110":{"start":{"line":148,"column":8},"end":{"line":150,"column":9}},"111":{"start":{"line":149,"column":10},"end":{"line":149,"column":59}},"112":{"start":{"line":154,"column":2},"end":{"line":163,"column":4}},"113":{"start":{"line":155,"column":4},"end":{"line":155,"column":15}},"114":{"start":{"line":156,"column":4},"end":{"line":156,"column":18}},"115":{"start":{"line":157,"column":4},"end":{"line":162,"column":6}},"116":{"start":{"line":158,"column":6},"end":{"line":160,"column":7}},"117":{"start":{"line":159,"column":8},"end":{"line":159,"column":22}},"118":{"start":{"line":161,"column":6},"end":{"line":161,"column":27}},"119":{"start":{"line":164,"column":2},"end":{"line":190,"column":4}},"120":{"start":{"line":165,"column":4},"end":{"line":165,"column":47}},"121":{"start":{"line":166,"column":4},"end":{"line":166,"column":17}},"122":{"start":{"line":167,"column":4},"end":{"line":167,"column":37}},"123":{"start":{"line":168,"column":4},"end":{"line":185,"column":5}},"124":{"start":{"line":169,"column":6},"end":{"line":174,"column":7}},"125":{"start":{"line":170,"column":8},"end":{"line":170,"column":30}},"126":{"start":{"line":171,"column":8},"end":{"line":173,"column":9}},"127":{"start":{"line":172,"column":10},"end":{"line":172,"column":16}},"128":{"start":{"line":175,"column":6},"end":{"line":175,"column":34}},"129":{"start":{"line":176,"column":6},"end":{"line":178,"column":7}},"130":{"start":{"line":177,"column":8},"end":{"line":177,"column":14}},"131":{"start":{"line":179,"column":6},"end":{"line":183,"column":7}},"132":{"start":{"line":180,"column":8},"end":{"line":180,"column":38}},"133":{"start":{"line":182,"column":8},"end":{"line":182,"column":41}},"134":{"start":{"line":184,"column":6},"end":{"line":184,"column":31}},"135":{"start":{"line":186,"column":4},"end":{"line":188,"column":5}},"136":{"start":{"line":187,"column":6},"end":{"line":187,"column":13}},"137":{"start":{"line":189,"column":4},"end":{"line":189,"column":39}},"138":{"start":{"line":191,"column":2},"end":{"line":195,"column":4}},"139":{"start":{"line":192,"column":4},"end":{"line":194,"column":6}},"140":{"start":{"line":193,"column":6},"end":{"line":193,"column":58}},"141":{"start":{"line":196,"column":2},"end":{"line":200,"column":4}},"142":{"start":{"line":197,"column":4},"end":{"line":199,"column":6}},"143":{"start":{"line":198,"column":6},"end":{"line":198,"column":56}},"144":{"start":{"line":201,"column":2},"end":{"line":219,"column":4}},"145":{"start":{"line":202,"column":4},"end":{"line":202,"column":16}},"146":{"start":{"line":203,"column":4},"end":{"line":203,"column":68}},"147":{"start":{"line":204,"column":4},"end":{"line":218,"column":6}},"148":{"start":{"line":205,"column":6},"end":{"line":205,"column":36}},"149":{"start":{"line":206,"column":6},"end":{"line":206,"column":13}},"150":{"start":{"line":207,"column":6},"end":{"line":207,"column":30}},"151":{"start":{"line":208,"column":6},"end":{"line":217,"column":7}},"152":{"start":{"line":209,"column":8},"end":{"line":209,"column":28}},"153":{"start":{"line":210,"column":8},"end":{"line":212,"column":9}},"154":{"start":{"line":211,"column":10},"end":{"line":211,"column":147}},"155":{"start":{"line":213,"column":8},"end":{"line":213,"column":31}},"156":{"start":{"line":214,"column":8},"end":{"line":216,"column":9}},"157":{"start":{"line":215,"column":10},"end":{"line":215,"column":24}},"158":{"start":{"line":220,"column":2},"end":{"line":242,"column":4}},"159":{"start":{"line":221,"column":4},"end":{"line":221,"column":10}},"160":{"start":{"line":222,"column":4},"end":{"line":222,"column":11}},"161":{"start":{"line":223,"column":4},"end":{"line":223,"column":67}},"162":{"start":{"line":224,"column":4},"end":{"line":226,"column":51}},"163":{"start":{"line":225,"column":6},"end":{"line":225,"column":23}},"164":{"start":{"line":227,"column":4},"end":{"line":227,"column":75}},"165":{"start":{"line":228,"column":4},"end":{"line":230,"column":9}},"166":{"start":{"line":229,"column":6},"end":{"line":229,"column":20}},"167":{"start":{"line":231,"column":4},"end":{"line":231,"column":75}},"168":{"start":{"line":232,"column":4},"end":{"line":234,"column":178}},"169":{"start":{"line":233,"column":6},"end":{"line":233,"column":27}},"170":{"start":{"line":235,"column":4},"end":{"line":237,"column":7}},"171":{"start":{"line":236,"column":6},"end":{"line":236,"column":73}},"172":{"start":{"line":238,"column":4},"end":{"line":240,"column":8}},"173":{"start":{"line":239,"column":6},"end":{"line":239,"column":21}},"174":{"start":{"line":241,"column":4},"end":{"line":241,"column":13}},"175":{"start":{"line":243,"column":2},"end":{"line":251,"column":4}},"176":{"start":{"line":252,"column":2},"end":{"line":268,"column":4}},"177":{"start":{"line":253,"column":4},"end":{"line":257,"column":5}},"178":{"start":{"line":254,"column":6},"end":{"line":256,"column":9}},"179":{"start":{"line":255,"column":8},"end":{"line":255,"column":67}},"180":{"start":{"line":258,"column":4},"end":{"line":267,"column":5}},"181":{"start":{"line":260,"column":8},"end":{"line":260,"column":23}},"182":{"start":{"line":262,"column":8},"end":{"line":262,"column":50}},"183":{"start":{"line":264,"column":8},"end":{"line":264,"column":45}},"184":{"start":{"line":266,"column":8},"end":{"line":266,"column":91}},"185":{"start":{"line":269,"column":2},"end":{"line":274,"column":4}},"186":{"start":{"line":270,"column":4},"end":{"line":272,"column":5}},"187":{"start":{"line":271,"column":6},"end":{"line":271,"column":63}},"188":{"start":{"line":273,"column":4},"end":{"line":273,"column":78}},"189":{"start":{"line":275,"column":2},"end":{"line":289,"column":4}},"190":{"start":{"line":276,"column":4},"end":{"line":278,"column":5}},"191":{"start":{"line":277,"column":6},"end":{"line":277,"column":48}},"192":{"start":{"line":279,"column":4},"end":{"line":288,"column":5}},"193":{"start":{"line":281,"column":8},"end":{"line":281,"column":21}},"194":{"start":{"line":283,"column":8},"end":{"line":283,"column":31}},"195":{"start":{"line":285,"column":8},"end":{"line":285,"column":18}},"196":{"start":{"line":287,"column":8},"end":{"line":287,"column":45}},"197":{"start":{"line":290,"column":2},"end":{"line":317,"column":4}},"198":{"start":{"line":291,"column":4},"end":{"line":291,"column":39}},"199":{"start":{"line":292,"column":4},"end":{"line":294,"column":5}},"200":{"start":{"line":293,"column":6},"end":{"line":293,"column":26}},"201":{"start":{"line":295,"column":4},"end":{"line":295,"column":24}},"202":{"start":{"line":296,"column":4},"end":{"line":302,"column":5}},"203":{"start":{"line":297,"column":6},"end":{"line":301,"column":7}},"204":{"start":{"line":298,"column":8},"end":{"line":298,"column":68}},"205":{"start":{"line":300,"column":8},"end":{"line":300,"column":15}},"206":{"start":{"line":303,"column":4},"end":{"line":303,"column":34}},"207":{"start":{"line":304,"column":4},"end":{"line":304,"column":59}},"208":{"start":{"line":305,"column":4},"end":{"line":311,"column":5}},"209":{"start":{"line":306,"column":6},"end":{"line":310,"column":7}},"210":{"start":{"line":307,"column":8},"end":{"line":307,"column":73}},"211":{"start":{"line":309,"column":8},"end":{"line":309,"column":15}},"212":{"start":{"line":312,"column":4},"end":{"line":312,"column":57}},"213":{"start":{"line":313,"column":4},"end":{"line":315,"column":5}},"214":{"start":{"line":314,"column":6},"end":{"line":314,"column":35}},"215":{"start":{"line":316,"column":4},"end":{"line":316,"column":18}},"216":{"start":{"line":318,"column":2},"end":{"line":340,"column":4}},"217":{"start":{"line":319,"column":4},"end":{"line":319,"column":18}},"218":{"start":{"line":320,"column":4},"end":{"line":329,"column":5}},"219":{"start":{"line":321,"column":6},"end":{"line":321,"column":13}},"220":{"start":{"line":322,"column":6},"end":{"line":322,"column":30}},"221":{"start":{"line":323,"column":6},"end":{"line":327,"column":7}},"222":{"start":{"line":324,"column":8},"end":{"line":326,"column":9}},"223":{"start":{"line":325,"column":10},"end":{"line":325,"column":22}},"224":{"start":{"line":328,"column":6},"end":{"line":328,"column":19}},"225":{"start":{"line":330,"column":4},"end":{"line":339,"column":5}},"226":{"start":{"line":332,"column":8},"end":{"line":332,"column":65}},"227":{"start":{"line":334,"column":8},"end":{"line":334,"column":75}},"228":{"start":{"line":336,"column":8},"end":{"line":336,"column":21}},"229":{"start":{"line":338,"column":8},"end":{"line":338,"column":92}},"230":{"start":{"line":341,"column":2},"end":{"line":361,"column":4}},"231":{"start":{"line":342,"column":4},"end":{"line":346,"column":5}},"232":{"start":{"line":343,"column":6},"end":{"line":345,"column":9}},"233":{"start":{"line":344,"column":8},"end":{"line":344,"column":52}},"234":{"start":{"line":347,"column":4},"end":{"line":360,"column":5}},"235":{"start":{"line":349,"column":8},"end":{"line":349,"column":56}},"236":{"start":{"line":351,"column":8},"end":{"line":351,"column":66}},"237":{"start":{"line":353,"column":8},"end":{"line":353,"column":29}},"238":{"start":{"line":355,"column":8},"end":{"line":359,"column":9}},"239":{"start":{"line":356,"column":10},"end":{"line":356,"column":63}},"240":{"start":{"line":358,"column":10},"end":{"line":358,"column":20}},"241":{"start":{"line":362,"column":2},"end":{"line":416,"column":4}},"242":{"start":{"line":363,"column":4},"end":{"line":363,"column":63}},"243":{"start":{"line":364,"column":4},"end":{"line":370,"column":5}},"244":{"start":{"line":365,"column":6},"end":{"line":365,"column":34}},"245":{"start":{"line":366,"column":6},"end":{"line":366,"column":30}},"246":{"start":{"line":367,"column":6},"end":{"line":367,"column":26}},"247":{"start":{"line":368,"column":6},"end":{"line":368,"column":30}},"248":{"start":{"line":369,"column":6},"end":{"line":369,"column":13}},"249":{"start":{"line":371,"column":4},"end":{"line":371,"column":42}},"250":{"start":{"line":372,"column":4},"end":{"line":374,"column":5}},"251":{"start":{"line":373,"column":6},"end":{"line":373,"column":66}},"252":{"start":{"line":375,"column":4},"end":{"line":388,"column":5}},"253":{"start":{"line":376,"column":6},"end":{"line":376,"column":24}},"254":{"start":{"line":377,"column":6},"end":{"line":386,"column":7}},"255":{"start":{"line":378,"column":8},"end":{"line":380,"column":9}},"256":{"start":{"line":379,"column":10},"end":{"line":379,"column":141}},"257":{"start":{"line":381,"column":8},"end":{"line":381,"column":49}},"258":{"start":{"line":382,"column":8},"end":{"line":384,"column":9}},"259":{"start":{"line":383,"column":10},"end":{"line":383,"column":119}},"260":{"start":{"line":385,"column":8},"end":{"line":385,"column":26}},"261":{"start":{"line":387,"column":6},"end":{"line":387,"column":13}},"262":{"start":{"line":389,"column":4},"end":{"line":391,"column":5}},"263":{"start":{"line":390,"column":6},"end":{"line":390,"column":63}},"264":{"start":{"line":392,"column":4},"end":{"line":392,"column":49}},"265":{"start":{"line":393,"column":4},"end":{"line":395,"column":5}},"266":{"start":{"line":394,"column":6},"end":{"line":394,"column":62}},"267":{"start":{"line":396,"column":4},"end":{"line":404,"column":6}},"268":{"start":{"line":405,"column":4},"end":{"line":405,"column":32}},"269":{"start":{"line":406,"column":4},"end":{"line":406,"column":34}},"270":{"start":{"line":407,"column":4},"end":{"line":409,"column":5}},"271":{"start":{"line":408,"column":6},"end":{"line":408,"column":48}},"272":{"start":{"line":410,"column":4},"end":{"line":412,"column":5}},"273":{"start":{"line":411,"column":6},"end":{"line":411,"column":60}},"274":{"start":{"line":413,"column":4},"end":{"line":413,"column":28}},"275":{"start":{"line":414,"column":4},"end":{"line":414,"column":89}},"276":{"start":{"line":415,"column":4},"end":{"line":415,"column":42}},"277":{"start":{"line":417,"column":2},"end":{"line":429,"column":4}},"278":{"start":{"line":418,"column":4},"end":{"line":418,"column":22}},"279":{"start":{"line":419,"column":4},"end":{"line":419,"column":33}},"280":{"start":{"line":420,"column":4},"end":{"line":422,"column":5}},"281":{"start":{"line":421,"column":6},"end":{"line":421,"column":18}},"282":{"start":{"line":423,"column":4},"end":{"line":423,"column":28}},"283":{"start":{"line":424,"column":4},"end":{"line":428,"column":5}},"284":{"start":{"line":425,"column":6},"end":{"line":425,"column":55}},"285":{"start":{"line":427,"column":6},"end":{"line":427,"column":20}},"286":{"start":{"line":430,"column":2},"end":{"line":441,"column":4}},"287":{"start":{"line":431,"column":4},"end":{"line":433,"column":5}},"288":{"start":{"line":432,"column":6},"end":{"line":432,"column":18}},"289":{"start":{"line":434,"column":4},"end":{"line":436,"column":5}},"290":{"start":{"line":435,"column":6},"end":{"line":435,"column":73}},"291":{"start":{"line":437,"column":4},"end":{"line":439,"column":5}},"292":{"start":{"line":438,"column":6},"end":{"line":438,"column":65}},"293":{"start":{"line":440,"column":4},"end":{"line":440,"column":43}},"294":{"start":{"line":442,"column":2},"end":{"line":442,"column":45}},"295":{"start":{"line":443,"column":2},"end":{"line":443,"column":35}},"296":{"start":{"line":444,"column":2},"end":{"line":444,"column":47}},"297":{"start":{"line":445,"column":2},"end":{"line":445,"column":47}},"298":{"start":{"line":446,"column":2},"end":{"line":446,"column":59}},"299":{"start":{"line":447,"column":2},"end":{"line":447,"column":19}},"300":{"start":{"line":448,"column":2},"end":{"line":448,"column":35}},"301":{"start":{"line":449,"column":2},"end":{"line":449,"column":45}},"302":{"start":{"line":450,"column":2},"end":{"line":450,"column":57}},"303":{"start":{"line":451,"column":2},"end":{"line":451,"column":45}},"304":{"start":{"line":452,"column":2},"end":{"line":452,"column":33}},"305":{"start":{"line":453,"column":2},"end":{"line":453,"column":97}},"306":{"start":{"line":454,"column":2},"end":{"line":454,"column":35}},"307":{"start":{"line":455,"column":2},"end":{"line":455,"column":20}}},"branchMap":{"1":{"line":5,"type":"if","locations":[{"start":{"line":5,"column":2},"end":{"line":5,"column":2}},{"start":{"line":5,"column":2},"end":{"line":5,"column":2}}]},"2":{"line":5,"type":"binary-expr","locations":[{"start":{"line":5,"column":7},"end":{"line":5,"column":35}},{"start":{"line":5,"column":41},"end":{"line":5,"column":59}}]},"3":{"line":7,"type":"if","locations":[{"start":{"line":7,"column":9},"end":{"line":7,"column":9}},{"start":{"line":7,"column":9},"end":{"line":7,"column":9}}]},"4":{"line":7,"type":"binary-expr","locations":[{"start":{"line":7,"column":13},"end":{"line":7,"column":43}},{"start":{"line":7,"column":47},"end":{"line":7,"column":63}}]},"5":{"line":48,"type":"if","locations":[{"start":{"line":48,"column":6},"end":{"line":48,"column":6}},{"start":{"line":48,"column":6},"end":{"line":48,"column":6}}]},"6":{"line":51,"type":"if","locations":[{"start":{"line":51,"column":6},"end":{"line":51,"column":6}},{"start":{"line":51,"column":6},"end":{"line":51,"column":6}}]},"7":{"line":52,"type":"if","locations":[{"start":{"line":52,"column":8},"end":{"line":52,"column":8}},{"start":{"line":52,"column":8},"end":{"line":52,"column":8}}]},"8":{"line":75,"type":"if","locations":[{"start":{"line":75,"column":6},"end":{"line":75,"column":6}},{"start":{"line":75,"column":6},"end":{"line":75,"column":6}}]},"9":{"line":83,"type":"if","locations":[{"start":{"line":83,"column":4},"end":{"line":83,"column":4}},{"start":{"line":83,"column":4},"end":{"line":83,"column":4}}]},"10":{"line":89,"type":"if","locations":[{"start":{"line":89,"column":6},"end":{"line":89,"column":6}},{"start":{"line":89,"column":6},"end":{"line":89,"column":6}}]},"11":{"line":98,"type":"cond-expr","locations":[{"start":{"line":98,"column":38},"end":{"line":98,"column":62}},{"start":{"line":98,"column":65},"end":{"line":98,"column":67}}]},"12":{"line":107,"type":"if","locations":[{"start":{"line":107,"column":8},"end":{"line":107,"column":8}},{"start":{"line":107,"column":8},"end":{"line":107,"column":8}}]},"13":{"line":111,"type":"if","locations":[{"start":{"line":111,"column":8},"end":{"line":111,"column":8}},{"start":{"line":111,"column":8},"end":{"line":111,"column":8}}]},"14":{"line":122,"type":"cond-expr","locations":[{"start":{"line":122,"column":62},"end":{"line":122,"column":86}},{"start":{"line":122,"column":89},"end":{"line":122,"column":91}}]},"15":{"line":126,"type":"if","locations":[{"start":{"line":126,"column":6},"end":{"line":126,"column":6}},{"start":{"line":126,"column":6},"end":{"line":126,"column":6}}]},"16":{"line":130,"type":"if","locations":[{"start":{"line":130,"column":6},"end":{"line":130,"column":6}},{"start":{"line":130,"column":6},"end":{"line":130,"column":6}}]},"17":{"line":144,"type":"if","locations":[{"start":{"line":144,"column":4},"end":{"line":144,"column":4}},{"start":{"line":144,"column":4},"end":{"line":144,"column":4}}]},"18":{"line":148,"type":"if","locations":[{"start":{"line":148,"column":8},"end":{"line":148,"column":8}},{"start":{"line":148,"column":8},"end":{"line":148,"column":8}}]},"19":{"line":158,"type":"if","locations":[{"start":{"line":158,"column":6},"end":{"line":158,"column":6}},{"start":{"line":158,"column":6},"end":{"line":158,"column":6}}]},"20":{"line":167,"type":"cond-expr","locations":[{"start":{"line":167,"column":29},"end":{"line":167,"column":31}},{"start":{"line":167,"column":34},"end":{"line":167,"column":36}}]},"21":{"line":169,"type":"if","locations":[{"start":{"line":169,"column":6},"end":{"line":169,"column":6}},{"start":{"line":169,"column":6},"end":{"line":169,"column":6}}]},"22":{"line":171,"type":"if","locations":[{"start":{"line":171,"column":8},"end":{"line":171,"column":8}},{"start":{"line":171,"column":8},"end":{"line":171,"column":8}}]},"23":{"line":176,"type":"if","locations":[{"start":{"line":176,"column":6},"end":{"line":176,"column":6}},{"start":{"line":176,"column":6},"end":{"line":176,"column":6}}]},"24":{"line":179,"type":"if","locations":[{"start":{"line":179,"column":6},"end":{"line":179,"column":6}},{"start":{"line":179,"column":6},"end":{"line":179,"column":6}}]},"25":{"line":186,"type":"if","locations":[{"start":{"line":186,"column":4},"end":{"line":186,"column":4}},{"start":{"line":186,"column":4},"end":{"line":186,"column":4}}]},"26":{"line":186,"type":"binary-expr","locations":[{"start":{"line":186,"column":8},"end":{"line":186,"column":32}},{"start":{"line":186,"column":36},"end":{"line":186,"column":56}}]},"27":{"line":203,"type":"cond-expr","locations":[{"start":{"line":203,"column":38},"end":{"line":203,"column":62}},{"start":{"line":203,"column":65},"end":{"line":203,"column":67}}]},"28":{"line":210,"type":"if","locations":[{"start":{"line":210,"column":8},"end":{"line":210,"column":8}},{"start":{"line":210,"column":8},"end":{"line":210,"column":8}}]},"29":{"line":214,"type":"if","locations":[{"start":{"line":214,"column":8},"end":{"line":214,"column":8}},{"start":{"line":214,"column":8},"end":{"line":214,"column":8}}]},"30":{"line":253,"type":"if","locations":[{"start":{"line":253,"column":4},"end":{"line":253,"column":4}},{"start":{"line":253,"column":4},"end":{"line":253,"column":4}}]},"31":{"line":258,"type":"switch","locations":[{"start":{"line":259,"column":6},"end":{"line":260,"column":23}},{"start":{"line":261,"column":6},"end":{"line":262,"column":50}},{"start":{"line":263,"column":6},"end":{"line":264,"column":45}},{"start":{"line":265,"column":6},"end":{"line":266,"column":91}}]},"32":{"line":270,"type":"if","locations":[{"start":{"line":270,"column":4},"end":{"line":270,"column":4}},{"start":{"line":270,"column":4},"end":{"line":270,"column":4}}]},"33":{"line":276,"type":"if","locations":[{"start":{"line":276,"column":4},"end":{"line":276,"column":4}},{"start":{"line":276,"column":4},"end":{"line":276,"column":4}}]},"34":{"line":279,"type":"switch","locations":[{"start":{"line":280,"column":6},"end":{"line":281,"column":21}},{"start":{"line":282,"column":6},"end":{"line":283,"column":31}},{"start":{"line":284,"column":6},"end":{"line":285,"column":18}},{"start":{"line":286,"column":6},"end":{"line":287,"column":45}}]},"35":{"line":292,"type":"if","locations":[{"start":{"line":292,"column":4},"end":{"line":292,"column":4}},{"start":{"line":292,"column":4},"end":{"line":292,"column":4}}]},"36":{"line":296,"type":"if","locations":[{"start":{"line":296,"column":4},"end":{"line":296,"column":4}},{"start":{"line":296,"column":4},"end":{"line":296,"column":4}}]},"37":{"line":297,"type":"if","locations":[{"start":{"line":297,"column":6},"end":{"line":297,"column":6}},{"start":{"line":297,"column":6},"end":{"line":297,"column":6}}]},"38":{"line":303,"type":"binary-expr","locations":[{"start":{"line":303,"column":12},"end":{"line":303,"column":28}},{"start":{"line":303,"column":32},"end":{"line":303,"column":33}}]},"39":{"line":304,"type":"cond-expr","locations":[{"start":{"line":304,"column":38},"end":{"line":304,"column":54}},{"start":{"line":304,"column":57},"end":{"line":304,"column":58}}]},"40":{"line":305,"type":"if","locations":[{"start":{"line":305,"column":4},"end":{"line":305,"column":4}},{"start":{"line":305,"column":4},"end":{"line":305,"column":4}}]},"41":{"line":306,"type":"if","locations":[{"start":{"line":306,"column":6},"end":{"line":306,"column":6}},{"start":{"line":306,"column":6},"end":{"line":306,"column":6}}]},"42":{"line":312,"type":"cond-expr","locations":[{"start":{"line":312,"column":36},"end":{"line":312,"column":48}},{"start":{"line":312,"column":51},"end":{"line":312,"column":56}}]},"43":{"line":313,"type":"if","locations":[{"start":{"line":313,"column":4},"end":{"line":313,"column":4}},{"start":{"line":313,"column":4},"end":{"line":313,"column":4}}]},"44":{"line":320,"type":"if","locations":[{"start":{"line":320,"column":4},"end":{"line":320,"column":4}},{"start":{"line":320,"column":4},"end":{"line":320,"column":4}}]},"45":{"line":324,"type":"if","locations":[{"start":{"line":324,"column":8},"end":{"line":324,"column":8}},{"start":{"line":324,"column":8},"end":{"line":324,"column":8}}]},"46":{"line":330,"type":"switch","locations":[{"start":{"line":331,"column":6},"end":{"line":332,"column":65}},{"start":{"line":333,"column":6},"end":{"line":334,"column":75}},{"start":{"line":335,"column":6},"end":{"line":336,"column":21}},{"start":{"line":337,"column":6},"end":{"line":338,"column":92}}]},"47":{"line":342,"type":"if","locations":[{"start":{"line":342,"column":4},"end":{"line":342,"column":4}},{"start":{"line":342,"column":4},"end":{"line":342,"column":4}}]},"48":{"line":347,"type":"switch","locations":[{"start":{"line":348,"column":6},"end":{"line":349,"column":56}},{"start":{"line":350,"column":6},"end":{"line":351,"column":66}},{"start":{"line":352,"column":6},"end":{"line":353,"column":29}},{"start":{"line":354,"column":6},"end":{"line":359,"column":9}}]},"49":{"line":355,"type":"if","locations":[{"start":{"line":355,"column":8},"end":{"line":355,"column":8}},{"start":{"line":355,"column":8},"end":{"line":355,"column":8}}]},"50":{"line":364,"type":"if","locations":[{"start":{"line":364,"column":4},"end":{"line":364,"column":4}},{"start":{"line":364,"column":4},"end":{"line":364,"column":4}}]},"51":{"line":372,"type":"if","locations":[{"start":{"line":372,"column":4},"end":{"line":372,"column":4}},{"start":{"line":372,"column":4},"end":{"line":372,"column":4}}]},"52":{"line":372,"type":"binary-expr","locations":[{"start":{"line":372,"column":11},"end":{"line":372,"column":35}},{"start":{"line":372,"column":40},"end":{"line":372,"column":52}}]},"53":{"line":375,"type":"if","locations":[{"start":{"line":375,"column":4},"end":{"line":375,"column":4}},{"start":{"line":375,"column":4},"end":{"line":375,"column":4}}]},"54":{"line":377,"type":"if","locations":[{"start":{"line":377,"column":6},"end":{"line":377,"column":6}},{"start":{"line":377,"column":6},"end":{"line":377,"column":6}}]},"55":{"line":378,"type":"if","locations":[{"start":{"line":378,"column":8},"end":{"line":378,"column":8}},{"start":{"line":378,"column":8},"end":{"line":378,"column":8}}]},"56":{"line":382,"type":"if","locations":[{"start":{"line":382,"column":8},"end":{"line":382,"column":8}},{"start":{"line":382,"column":8},"end":{"line":382,"column":8}}]},"57":{"line":389,"type":"if","locations":[{"start":{"line":389,"column":4},"end":{"line":389,"column":4}},{"start":{"line":389,"column":4},"end":{"line":389,"column":4}}]},"58":{"line":393,"type":"if","locations":[{"start":{"line":393,"column":4},"end":{"line":393,"column":4}},{"start":{"line":393,"column":4},"end":{"line":393,"column":4}}]},"59":{"line":397,"type":"binary-expr","locations":[{"start":{"line":397,"column":19},"end":{"line":397,"column":58}},{"start":{"line":397,"column":63},"end":{"line":397,"column":88}}]},"60":{"line":397,"type":"cond-expr","locations":[{"start":{"line":397,"column":34},"end":{"line":397,"column":49}},{"start":{"line":397,"column":52},"end":{"line":397,"column":58}}]},"61":{"line":398,"type":"binary-expr","locations":[{"start":{"line":398,"column":29},"end":{"line":398,"column":78}},{"start":{"line":398,"column":83},"end":{"line":398,"column":118}}]},"62":{"line":398,"type":"cond-expr","locations":[{"start":{"line":398,"column":44},"end":{"line":398,"column":69}},{"start":{"line":398,"column":72},"end":{"line":398,"column":78}}]},"63":{"line":399,"type":"binary-expr","locations":[{"start":{"line":399,"column":27},"end":{"line":399,"column":74}},{"start":{"line":399,"column":79},"end":{"line":399,"column":112}}]},"64":{"line":399,"type":"cond-expr","locations":[{"start":{"line":399,"column":42},"end":{"line":399,"column":65}},{"start":{"line":399,"column":68},"end":{"line":399,"column":74}}]},"65":{"line":400,"type":"binary-expr","locations":[{"start":{"line":400,"column":28},"end":{"line":400,"column":76}},{"start":{"line":400,"column":81},"end":{"line":400,"column":115}}]},"66":{"line":400,"type":"cond-expr","locations":[{"start":{"line":400,"column":43},"end":{"line":400,"column":67}},{"start":{"line":400,"column":70},"end":{"line":400,"column":76}}]},"67":{"line":401,"type":"binary-expr","locations":[{"start":{"line":401,"column":33},"end":{"line":401,"column":86}},{"start":{"line":401,"column":91},"end":{"line":401,"column":130}}]},"68":{"line":401,"type":"cond-expr","locations":[{"start":{"line":401,"column":48},"end":{"line":401,"column":77}},{"start":{"line":401,"column":80},"end":{"line":401,"column":86}}]},"69":{"line":402,"type":"binary-expr","locations":[{"start":{"line":402,"column":31},"end":{"line":402,"column":82}},{"start":{"line":402,"column":87},"end":{"line":402,"column":124}}]},"70":{"line":402,"type":"cond-expr","locations":[{"start":{"line":402,"column":46},"end":{"line":402,"column":73}},{"start":{"line":402,"column":76},"end":{"line":402,"column":82}}]},"71":{"line":403,"type":"binary-expr","locations":[{"start":{"line":403,"column":21},"end":{"line":403,"column":62}},{"start":{"line":403,"column":67},"end":{"line":403,"column":94}}]},"72":{"line":403,"type":"cond-expr","locations":[{"start":{"line":403,"column":36},"end":{"line":403,"column":53}},{"start":{"line":403,"column":56},"end":{"line":403,"column":62}}]},"73":{"line":407,"type":"if","locations":[{"start":{"line":407,"column":4},"end":{"line":407,"column":4}},{"start":{"line":407,"column":4},"end":{"line":407,"column":4}}]},"74":{"line":410,"type":"if","locations":[{"start":{"line":410,"column":4},"end":{"line":410,"column":4}},{"start":{"line":410,"column":4},"end":{"line":410,"column":4}}]},"75":{"line":420,"type":"if","locations":[{"start":{"line":420,"column":4},"end":{"line":420,"column":4}},{"start":{"line":420,"column":4},"end":{"line":420,"column":4}}]},"76":{"line":424,"type":"if","locations":[{"start":{"line":424,"column":4},"end":{"line":424,"column":4}},{"start":{"line":424,"column":4},"end":{"line":424,"column":4}}]},"77":{"line":431,"type":"if","locations":[{"start":{"line":431,"column":4},"end":{"line":431,"column":4}},{"start":{"line":431,"column":4},"end":{"line":431,"column":4}}]},"78":{"line":434,"type":"if","locations":[{"start":{"line":434,"column":4},"end":{"line":434,"column":4}},{"start":{"line":434,"column":4},"end":{"line":434,"column":4}}]},"79":{"line":437,"type":"if","locations":[{"start":{"line":437,"column":4},"end":{"line":437,"column":4}},{"start":{"line":437,"column":4},"end":{"line":437,"column":4}}]}}}}