{"/Users/mk/workspace/url-pattern/lib/url-pattern.js":{"path":"/Users/mk/workspace/url-pattern/lib/url-pattern.js","s":{"1":1,"2":1,"3":1,"4":0,"5":1,"6":1,"7":0,"8":1,"9":1,"10":4,"11":1,"12":2,"13":2,"14":2,"15":2,"16":2,"17":7,"18":2,"19":1,"20":2,"21":2,"22":2,"23":2,"24":2,"25":7,"26":2,"27":1,"28":1,"29":1,"30":4,"31":4,"32":4,"33":4,"34":4,"35":7,"36":7,"37":7,"38":1,"39":6,"40":0,"41":0,"42":0,"43":6,"44":4,"45":1,"46":1,"47":51,"48":51,"49":1,"50":7,"51":7,"52":1,"53":8,"54":62,"55":62,"56":62,"57":55,"58":7,"59":7,"60":1,"61":6,"62":32,"63":32,"64":32,"65":3,"66":29,"67":29,"68":1,"69":47,"70":47,"71":47,"72":47,"73":47,"74":47,"75":47,"76":47,"77":47,"78":50,"79":50,"80":50,"81":44,"82":6,"83":6,"84":3,"85":1,"86":6,"87":6,"88":6,"89":47,"90":47,"91":47,"92":44,"93":3,"94":3,"95":3,"96":1,"97":16,"98":16,"99":16,"100":175,"101":6,"102":1,"103":10,"104":10,"105":10,"106":50,"107":8,"108":50,"109":1,"110":8,"111":8,"112":8,"113":8,"114":41,"115":32,"116":32,"117":3,"118":38,"119":38,"120":5,"121":33,"122":26,"123":7,"124":33,"125":8,"126":2,"127":6,"128":1,"129":2,"130":2,"131":1,"132":2,"133":6,"134":1,"135":6,"136":6,"137":6,"138":70,"139":70,"140":70,"141":70,"142":210,"143":210,"144":210,"145":36,"146":1,"147":2,"148":2,"149":2,"150":2,"151":0,"152":2,"153":2,"154":2,"155":2,"156":2,"157":2,"158":2,"159":2,"160":2,"161":2,"162":2,"163":1,"164":1,"165":9,"166":2,"167":7,"168":7,"169":0,"170":3,"171":4,"172":0,"173":1,"174":2,"175":0,"176":2,"177":1,"178":9,"179":2,"180":7,"181":0,"182":3,"183":4,"184":0,"185":1,"186":0,"187":0,"188":0,"189":0,"190":0,"191":0,"192":0,"193":0,"194":0,"195":0,"196":0,"197":0,"198":0,"199":0,"200":0,"201":0,"202":0,"203":0,"204":1,"205":0,"206":0,"207":0,"208":0,"209":0,"210":0,"211":0,"212":0,"213":0,"214":0,"215":0,"216":0,"217":0,"218":1,"219":0,"220":0,"221":0,"222":0,"223":0,"224":0,"225":0,"226":0,"227":0,"228":0,"229":1,"230":4,"231":4,"232":1,"233":1,"234":1,"235":1,"236":1,"237":3,"238":3,"239":0,"240":3,"241":1,"242":1,"243":1,"244":0,"245":1,"246":1,"247":0,"248":1,"249":1,"250":2,"251":0,"252":2,"253":2,"254":0,"255":2,"256":2,"257":2,"258":2,"259":0,"260":2,"261":0,"262":2,"263":2,"264":2,"265":1,"266":7,"267":7,"268":7,"269":3,"270":4,"271":4,"272":4,"273":0,"274":1,"275":0,"276":0,"277":0,"278":0,"279":0,"280":0,"281":0,"282":1,"283":1,"284":1,"285":1,"286":1,"287":1,"288":1,"289":1,"290":1,"291":1,"292":1,"293":1,"294":1,"295":1},"b":{"1":[0,1],"2":[1,0],"3":[1,0],"4":[1,1],"5":[1,6],"6":[0,6],"7":[0,0],"8":[55,7],"9":[3,29],"10":[47,0],"11":[44,6],"12":[6,0],"13":[44,3],"14":[6,169],"15":[8,42],"16":[6,2],"17":[32,9],"18":[3,29],"19":[5,33],"20":[26,7],"21":[2,6],"22":[8,8],"23":[6,0],"24":[36,174],"25":[2,7],"26":[0,3,4,0],"27":[0,2],"28":[2,7],"29":[0,3,4,0],"30":[0,0],"31":[0,0],"32":[0,0],"33":[0,0],"34":[0,0],"35":[0,0],"36":[0,0],"37":[0,0],"38":[0,0],"39":[0,0],"40":[0,0],"41":[0,0,0,0],"42":[0,0],"43":[0,0,0,0],"44":[0,0],"45":[1,3],"46":[0,3],"47":[3,1],"48":[1,2],"49":[1,0],"50":[0,1],"51":[0,1],"52":[0,2],"53":[0,2],"54":[2,2],"55":[1,1],"56":[2,2],"57":[1,1],"58":[2,2],"59":[1,1],"60":[2,1],"61":[1,1],"62":[2,2],"63":[1,1],"64":[2,2],"65":[1,1],"66":[2,2],"67":[1,1],"68":[0,2],"69":[0,2],"70":[3,4],"71":[4,0],"72":[0,0],"73":[0,0],"74":[0,0]},"f":{"1":1,"2":1,"3":4,"4":2,"5":2,"6":1,"7":4,"8":51,"9":7,"10":8,"11":62,"12":6,"13":32,"14":47,"15":47,"16":6,"17":47,"18":16,"19":175,"20":10,"21":50,"22":8,"23":2,"24":2,"25":2,"26":6,"27":6,"28":70,"29":2,"30":0,"31":2,"32":2,"33":2,"34":2,"35":9,"36":7,"37":2,"38":9,"39":0,"40":0,"41":0,"42":0,"43":4,"44":7,"45":0},"fnMap":{"1":{"name":"(anonymous_1)","line":4,"loc":{"start":{"line":4,"column":1},"end":{"line":4,"column":25}}},"2":{"name":"(anonymous_2)","line":12,"loc":{"start":{"line":12,"column":9},"end":{"line":12,"column":20}}},"3":{"name":"(anonymous_3)","line":14,"loc":{"start":{"line":14,"column":19},"end":{"line":14,"column":36}}},"4":{"name":"(anonymous_4)","line":17,"loc":{"start":{"line":17,"column":14},"end":{"line":17,"column":33}}},"5":{"name":"(anonymous_5)","line":27,"loc":{"start":{"line":27,"column":20},"end":{"line":27,"column":39}}},"6":{"name":"(anonymous_6)","line":37,"loc":{"start":{"line":37,"column":20},"end":{"line":37,"column":36}}},"7":{"name":"(anonymous_7)","line":40,"loc":{"start":{"line":40,"column":26},"end":{"line":40,"column":49}}},"8":{"name":"(anonymous_8)","line":63,"loc":{"start":{"line":63,"column":13},"end":{"line":63,"column":35}}},"9":{"name":"(anonymous_9)","line":67,"loc":{"start":{"line":67,"column":13},"end":{"line":67,"column":34}}},"10":{"name":"(anonymous_10)","line":71,"loc":{"start":{"line":71,"column":10},"end":{"line":71,"column":32}}},"11":{"name":"(anonymous_11)","line":72,"loc":{"start":{"line":72,"column":11},"end":{"line":72,"column":27}}},"12":{"name":"(anonymous_12)","line":82,"loc":{"start":{"line":82,"column":12},"end":{"line":82,"column":28}}},"13":{"name":"(anonymous_13)","line":83,"loc":{"start":{"line":83,"column":11},"end":{"line":83,"column":27}}},"14":{"name":"(anonymous_14)","line":93,"loc":{"start":{"line":93,"column":15},"end":{"line":93,"column":26}}},"15":{"name":"(anonymous_15)","line":96,"loc":{"start":{"line":96,"column":11},"end":{"line":96,"column":27}}},"16":{"name":"(anonymous_16)","line":114,"loc":{"start":{"line":114,"column":11},"end":{"line":114,"column":22}}},"17":{"name":"(anonymous_17)","line":117,"loc":{"start":{"line":117,"column":11},"end":{"line":117,"column":27}}},"18":{"name":"(anonymous_18)","line":128,"loc":{"start":{"line":128,"column":13},"end":{"line":128,"column":30}}},"19":{"name":"(anonymous_19)","line":131,"loc":{"start":{"line":131,"column":11},"end":{"line":131,"column":27}}},"20":{"name":"(anonymous_20)","line":137,"loc":{"start":{"line":137,"column":11},"end":{"line":137,"column":24}}},"21":{"name":"(anonymous_21)","line":140,"loc":{"start":{"line":140,"column":11},"end":{"line":140,"column":27}}},"22":{"name":"(anonymous_22)","line":147,"loc":{"start":{"line":147,"column":15},"end":{"line":147,"column":84}}},"23":{"name":"(anonymous_23)","line":174,"loc":{"start":{"line":174,"column":12},"end":{"line":174,"column":29}}},"24":{"name":"(anonymous_24)","line":175,"loc":{"start":{"line":175,"column":11},"end":{"line":175,"column":27}}},"25":{"name":"(anonymous_25)","line":179,"loc":{"start":{"line":179,"column":22},"end":{"line":179,"column":44}}},"26":{"name":"(anonymous_26)","line":180,"loc":{"start":{"line":180,"column":11},"end":{"line":180,"column":27}}},"27":{"name":"(anonymous_27)","line":184,"loc":{"start":{"line":184,"column":18},"end":{"line":184,"column":29}}},"28":{"name":"(anonymous_28)","line":187,"loc":{"start":{"line":187,"column":11},"end":{"line":187,"column":27}}},"29":{"name":"(anonymous_29)","line":200,"loc":{"start":{"line":200,"column":14},"end":{"line":200,"column":32}}},"30":{"name":"(anonymous_30)","line":204,"loc":{"start":{"line":204,"column":96},"end":{"line":204,"column":107}}},"31":{"name":"(anonymous_31)","line":208,"loc":{"start":{"line":208,"column":86},"end":{"line":208,"column":97}}},"32":{"name":"(anonymous_32)","line":212,"loc":{"start":{"line":212,"column":73},"end":{"line":212,"column":84}}},"33":{"name":"(anonymous_33)","line":215,"loc":{"start":{"line":215,"column":21},"end":{"line":215,"column":32}}},"34":{"name":"(anonymous_34)","line":218,"loc":{"start":{"line":218,"column":31},"end":{"line":218,"column":42}}},"35":{"name":"(anonymous_35)","line":232,"loc":{"start":{"line":232,"column":29},"end":{"line":232,"column":68}}},"36":{"name":"(anonymous_36)","line":234,"loc":{"start":{"line":234,"column":38},"end":{"line":234,"column":53}}},"37":{"name":"(anonymous_37)","line":249,"loc":{"start":{"line":249,"column":25},"end":{"line":249,"column":64}}},"38":{"name":"(anonymous_38)","line":255,"loc":{"start":{"line":255,"column":19},"end":{"line":255,"column":37}}},"39":{"name":"(anonymous_39)","line":270,"loc":{"start":{"line":270,"column":13},"end":{"line":270,"column":61}}},"40":{"name":"(anonymous_40)","line":298,"loc":{"start":{"line":298,"column":45},"end":{"line":298,"column":84}}},"41":{"name":"(anonymous_41)","line":321,"loc":{"start":{"line":321,"column":14},"end":{"line":321,"column":53}}},"42":{"name":"(anonymous_42)","line":323,"loc":{"start":{"line":323,"column":38},"end":{"line":323,"column":53}}},"43":{"name":"(anonymous_43)","line":342,"loc":{"start":{"line":342,"column":15},"end":{"line":342,"column":36}}},"44":{"name":"(anonymous_44)","line":397,"loc":{"start":{"line":397,"column":31},"end":{"line":397,"column":45}}},"45":{"name":"(anonymous_45)","line":410,"loc":{"start":{"line":410,"column":35},"end":{"line":410,"column":52}}}},"statementMap":{"1":{"start":{"line":2,"column":0},"end":{"line":2,"column":21}},"2":{"start":{"line":4,"column":0},"end":{"line":436,"column":3}},"3":{"start":{"line":5,"column":2},"end":{"line":11,"column":3}},"4":{"start":{"line":6,"column":4},"end":{"line":6,"column":31}},"5":{"start":{"line":7,"column":9},"end":{"line":11,"column":3}},"6":{"start":{"line":8,"column":4},"end":{"line":8,"column":38}},"7":{"start":{"line":10,"column":4},"end":{"line":10,"column":39}},"8":{"start":{"line":13,"column":2},"end":{"line":13,"column":258}},"9":{"start":{"line":14,"column":2},"end":{"line":16,"column":4}},"10":{"start":{"line":15,"column":4},"end":{"line":15,"column":60}},"11":{"start":{"line":17,"column":2},"end":{"line":26,"column":4}},"12":{"start":{"line":18,"column":4},"end":{"line":18,"column":27}},"13":{"start":{"line":19,"column":4},"end":{"line":19,"column":17}},"14":{"start":{"line":20,"column":4},"end":{"line":20,"column":11}},"15":{"start":{"line":21,"column":4},"end":{"line":21,"column":26}},"16":{"start":{"line":22,"column":4},"end":{"line":24,"column":5}},"17":{"start":{"line":23,"column":6},"end":{"line":23,"column":44}},"18":{"start":{"line":25,"column":4},"end":{"line":25,"column":19}},"19":{"start":{"line":27,"column":2},"end":{"line":36,"column":4}},"20":{"start":{"line":28,"column":4},"end":{"line":28,"column":26}},"21":{"start":{"line":29,"column":4},"end":{"line":29,"column":16}},"22":{"start":{"line":30,"column":4},"end":{"line":30,"column":11}},"23":{"start":{"line":31,"column":4},"end":{"line":31,"column":26}},"24":{"start":{"line":32,"column":4},"end":{"line":34,"column":5}},"25":{"start":{"line":33,"column":6},"end":{"line":33,"column":28}},"26":{"start":{"line":35,"column":4},"end":{"line":35,"column":18}},"27":{"start":{"line":37,"column":2},"end":{"line":39,"column":4}},"28":{"start":{"line":38,"column":4},"end":{"line":38,"column":68}},"29":{"start":{"line":40,"column":2},"end":{"line":61,"column":4}},"30":{"start":{"line":41,"column":4},"end":{"line":41,"column":38}},"31":{"start":{"line":42,"column":4},"end":{"line":42,"column":16}},"32":{"start":{"line":43,"column":4},"end":{"line":43,"column":11}},"33":{"start":{"line":44,"column":4},"end":{"line":44,"column":25}},"34":{"start":{"line":45,"column":4},"end":{"line":59,"column":5}},"35":{"start":{"line":46,"column":6},"end":{"line":46,"column":20}},"36":{"start":{"line":47,"column":6},"end":{"line":47,"column":24}},"37":{"start":{"line":48,"column":6},"end":{"line":50,"column":7}},"38":{"start":{"line":49,"column":8},"end":{"line":49,"column":17}},"39":{"start":{"line":51,"column":6},"end":{"line":58,"column":7}},"40":{"start":{"line":52,"column":8},"end":{"line":54,"column":9}},"41":{"start":{"line":53,"column":10},"end":{"line":53,"column":38}},"42":{"start":{"line":55,"column":8},"end":{"line":55,"column":32}},"43":{"start":{"line":57,"column":8},"end":{"line":57,"column":28}},"44":{"start":{"line":60,"column":4},"end":{"line":60,"column":18}},"45":{"start":{"line":62,"column":2},"end":{"line":62,"column":9}},"46":{"start":{"line":63,"column":2},"end":{"line":66,"column":4}},"47":{"start":{"line":64,"column":4},"end":{"line":64,"column":23}},"48":{"start":{"line":65,"column":4},"end":{"line":65,"column":21}},"49":{"start":{"line":67,"column":2},"end":{"line":70,"column":4}},"50":{"start":{"line":68,"column":4},"end":{"line":68,"column":19}},"51":{"start":{"line":69,"column":4},"end":{"line":69,"column":23}},"52":{"start":{"line":71,"column":2},"end":{"line":81,"column":4}},"53":{"start":{"line":72,"column":4},"end":{"line":80,"column":6}},"54":{"start":{"line":73,"column":6},"end":{"line":73,"column":25}},"55":{"start":{"line":74,"column":6},"end":{"line":74,"column":29}},"56":{"start":{"line":75,"column":6},"end":{"line":77,"column":7}},"57":{"start":{"line":76,"column":8},"end":{"line":76,"column":15}},"58":{"start":{"line":78,"column":6},"end":{"line":78,"column":47}},"59":{"start":{"line":79,"column":6},"end":{"line":79,"column":47}},"60":{"start":{"line":82,"column":2},"end":{"line":92,"column":4}},"61":{"start":{"line":83,"column":4},"end":{"line":91,"column":6}},"62":{"start":{"line":84,"column":6},"end":{"line":84,"column":26}},"63":{"start":{"line":85,"column":6},"end":{"line":85,"column":34}},"64":{"start":{"line":86,"column":6},"end":{"line":88,"column":7}},"65":{"start":{"line":87,"column":8},"end":{"line":87,"column":15}},"66":{"start":{"line":89,"column":6},"end":{"line":89,"column":26}},"67":{"start":{"line":90,"column":6},"end":{"line":90,"column":62}},"68":{"start":{"line":93,"column":2},"end":{"line":113,"column":4}},"69":{"start":{"line":94,"column":4},"end":{"line":94,"column":16}},"70":{"start":{"line":95,"column":4},"end":{"line":95,"column":68}},"71":{"start":{"line":96,"column":4},"end":{"line":112,"column":6}},"72":{"start":{"line":97,"column":6},"end":{"line":97,"column":50}},"73":{"start":{"line":98,"column":6},"end":{"line":98,"column":13}},"74":{"start":{"line":99,"column":6},"end":{"line":99,"column":30}},"75":{"start":{"line":100,"column":6},"end":{"line":100,"column":18}},"76":{"start":{"line":101,"column":6},"end":{"line":101,"column":19}},"77":{"start":{"line":102,"column":6},"end":{"line":110,"column":7}},"78":{"start":{"line":103,"column":8},"end":{"line":103,"column":28}},"79":{"start":{"line":104,"column":8},"end":{"line":104,"column":30}},"80":{"start":{"line":105,"column":8},"end":{"line":107,"column":9}},"81":{"start":{"line":106,"column":10},"end":{"line":106,"column":17}},"82":{"start":{"line":108,"column":8},"end":{"line":108,"column":34}},"83":{"start":{"line":109,"column":8},"end":{"line":109,"column":27}},"84":{"start":{"line":111,"column":6},"end":{"line":111,"column":40}},"85":{"start":{"line":114,"column":2},"end":{"line":127,"column":4}},"86":{"start":{"line":115,"column":4},"end":{"line":115,"column":25}},"87":{"start":{"line":116,"column":4},"end":{"line":116,"column":92}},"88":{"start":{"line":117,"column":4},"end":{"line":126,"column":6}},"89":{"start":{"line":118,"column":6},"end":{"line":118,"column":24}},"90":{"start":{"line":119,"column":6},"end":{"line":119,"column":51}},"91":{"start":{"line":120,"column":6},"end":{"line":122,"column":7}},"92":{"start":{"line":121,"column":8},"end":{"line":121,"column":15}},"93":{"start":{"line":123,"column":6},"end":{"line":123,"column":27}},"94":{"start":{"line":124,"column":6},"end":{"line":124,"column":36}},"95":{"start":{"line":125,"column":6},"end":{"line":125,"column":20}},"96":{"start":{"line":128,"column":2},"end":{"line":136,"column":4}},"97":{"start":{"line":129,"column":4},"end":{"line":129,"column":15}},"98":{"start":{"line":130,"column":4},"end":{"line":130,"column":27}},"99":{"start":{"line":131,"column":4},"end":{"line":135,"column":6}},"100":{"start":{"line":132,"column":6},"end":{"line":134,"column":7}},"101":{"start":{"line":133,"column":8},"end":{"line":133,"column":57}},"102":{"start":{"line":137,"column":2},"end":{"line":146,"column":4}},"103":{"start":{"line":138,"column":4},"end":{"line":138,"column":15}},"104":{"start":{"line":139,"column":4},"end":{"line":139,"column":18}},"105":{"start":{"line":140,"column":4},"end":{"line":145,"column":6}},"106":{"start":{"line":141,"column":6},"end":{"line":143,"column":7}},"107":{"start":{"line":142,"column":8},"end":{"line":142,"column":22}},"108":{"start":{"line":144,"column":6},"end":{"line":144,"column":27}},"109":{"start":{"line":147,"column":2},"end":{"line":173,"column":4}},"110":{"start":{"line":148,"column":4},"end":{"line":148,"column":47}},"111":{"start":{"line":149,"column":4},"end":{"line":149,"column":17}},"112":{"start":{"line":150,"column":4},"end":{"line":150,"column":37}},"113":{"start":{"line":151,"column":4},"end":{"line":168,"column":5}},"114":{"start":{"line":152,"column":6},"end":{"line":157,"column":7}},"115":{"start":{"line":153,"column":8},"end":{"line":153,"column":30}},"116":{"start":{"line":154,"column":8},"end":{"line":156,"column":9}},"117":{"start":{"line":155,"column":10},"end":{"line":155,"column":16}},"118":{"start":{"line":158,"column":6},"end":{"line":158,"column":34}},"119":{"start":{"line":159,"column":6},"end":{"line":161,"column":7}},"120":{"start":{"line":160,"column":8},"end":{"line":160,"column":14}},"121":{"start":{"line":162,"column":6},"end":{"line":166,"column":7}},"122":{"start":{"line":163,"column":8},"end":{"line":163,"column":38}},"123":{"start":{"line":165,"column":8},"end":{"line":165,"column":41}},"124":{"start":{"line":167,"column":6},"end":{"line":167,"column":31}},"125":{"start":{"line":169,"column":4},"end":{"line":171,"column":5}},"126":{"start":{"line":170,"column":6},"end":{"line":170,"column":13}},"127":{"start":{"line":172,"column":4},"end":{"line":172,"column":39}},"128":{"start":{"line":174,"column":2},"end":{"line":178,"column":4}},"129":{"start":{"line":175,"column":4},"end":{"line":177,"column":6}},"130":{"start":{"line":176,"column":6},"end":{"line":176,"column":58}},"131":{"start":{"line":179,"column":2},"end":{"line":183,"column":4}},"132":{"start":{"line":180,"column":4},"end":{"line":182,"column":6}},"133":{"start":{"line":181,"column":6},"end":{"line":181,"column":56}},"134":{"start":{"line":184,"column":2},"end":{"line":199,"column":4}},"135":{"start":{"line":185,"column":4},"end":{"line":185,"column":16}},"136":{"start":{"line":186,"column":4},"end":{"line":186,"column":68}},"137":{"start":{"line":187,"column":4},"end":{"line":198,"column":6}},"138":{"start":{"line":188,"column":6},"end":{"line":188,"column":36}},"139":{"start":{"line":189,"column":6},"end":{"line":189,"column":13}},"140":{"start":{"line":190,"column":6},"end":{"line":190,"column":30}},"141":{"start":{"line":191,"column":6},"end":{"line":197,"column":7}},"142":{"start":{"line":192,"column":8},"end":{"line":192,"column":28}},"143":{"start":{"line":193,"column":8},"end":{"line":193,"column":31}},"144":{"start":{"line":194,"column":8},"end":{"line":196,"column":9}},"145":{"start":{"line":195,"column":10},"end":{"line":195,"column":24}},"146":{"start":{"line":200,"column":2},"end":{"line":222,"column":4}},"147":{"start":{"line":201,"column":4},"end":{"line":201,"column":10}},"148":{"start":{"line":202,"column":4},"end":{"line":202,"column":11}},"149":{"start":{"line":203,"column":4},"end":{"line":203,"column":67}},"150":{"start":{"line":204,"column":4},"end":{"line":206,"column":51}},"151":{"start":{"line":205,"column":6},"end":{"line":205,"column":23}},"152":{"start":{"line":207,"column":4},"end":{"line":207,"column":75}},"153":{"start":{"line":208,"column":4},"end":{"line":210,"column":9}},"154":{"start":{"line":209,"column":6},"end":{"line":209,"column":20}},"155":{"start":{"line":211,"column":4},"end":{"line":211,"column":75}},"156":{"start":{"line":212,"column":4},"end":{"line":214,"column":178}},"157":{"start":{"line":213,"column":6},"end":{"line":213,"column":27}},"158":{"start":{"line":215,"column":4},"end":{"line":217,"column":7}},"159":{"start":{"line":216,"column":6},"end":{"line":216,"column":73}},"160":{"start":{"line":218,"column":4},"end":{"line":220,"column":8}},"161":{"start":{"line":219,"column":6},"end":{"line":219,"column":21}},"162":{"start":{"line":221,"column":4},"end":{"line":221,"column":13}},"163":{"start":{"line":223,"column":2},"end":{"line":231,"column":4}},"164":{"start":{"line":232,"column":2},"end":{"line":248,"column":4}},"165":{"start":{"line":233,"column":4},"end":{"line":237,"column":5}},"166":{"start":{"line":234,"column":6},"end":{"line":236,"column":9}},"167":{"start":{"line":235,"column":8},"end":{"line":235,"column":67}},"168":{"start":{"line":238,"column":4},"end":{"line":247,"column":5}},"169":{"start":{"line":240,"column":8},"end":{"line":240,"column":23}},"170":{"start":{"line":242,"column":8},"end":{"line":242,"column":50}},"171":{"start":{"line":244,"column":8},"end":{"line":244,"column":45}},"172":{"start":{"line":246,"column":8},"end":{"line":246,"column":91}},"173":{"start":{"line":249,"column":2},"end":{"line":254,"column":4}},"174":{"start":{"line":250,"column":4},"end":{"line":252,"column":5}},"175":{"start":{"line":251,"column":6},"end":{"line":251,"column":63}},"176":{"start":{"line":253,"column":4},"end":{"line":253,"column":78}},"177":{"start":{"line":255,"column":2},"end":{"line":269,"column":4}},"178":{"start":{"line":256,"column":4},"end":{"line":258,"column":5}},"179":{"start":{"line":257,"column":6},"end":{"line":257,"column":48}},"180":{"start":{"line":259,"column":4},"end":{"line":268,"column":5}},"181":{"start":{"line":261,"column":8},"end":{"line":261,"column":21}},"182":{"start":{"line":263,"column":8},"end":{"line":263,"column":31}},"183":{"start":{"line":265,"column":8},"end":{"line":265,"column":18}},"184":{"start":{"line":267,"column":8},"end":{"line":267,"column":45}},"185":{"start":{"line":270,"column":2},"end":{"line":297,"column":4}},"186":{"start":{"line":271,"column":4},"end":{"line":271,"column":39}},"187":{"start":{"line":272,"column":4},"end":{"line":274,"column":5}},"188":{"start":{"line":273,"column":6},"end":{"line":273,"column":26}},"189":{"start":{"line":275,"column":4},"end":{"line":275,"column":24}},"190":{"start":{"line":276,"column":4},"end":{"line":282,"column":5}},"191":{"start":{"line":277,"column":6},"end":{"line":281,"column":7}},"192":{"start":{"line":278,"column":8},"end":{"line":278,"column":68}},"193":{"start":{"line":280,"column":8},"end":{"line":280,"column":15}},"194":{"start":{"line":283,"column":4},"end":{"line":283,"column":34}},"195":{"start":{"line":284,"column":4},"end":{"line":284,"column":59}},"196":{"start":{"line":285,"column":4},"end":{"line":291,"column":5}},"197":{"start":{"line":286,"column":6},"end":{"line":290,"column":7}},"198":{"start":{"line":287,"column":8},"end":{"line":287,"column":73}},"199":{"start":{"line":289,"column":8},"end":{"line":289,"column":15}},"200":{"start":{"line":292,"column":4},"end":{"line":292,"column":57}},"201":{"start":{"line":293,"column":4},"end":{"line":295,"column":5}},"202":{"start":{"line":294,"column":6},"end":{"line":294,"column":35}},"203":{"start":{"line":296,"column":4},"end":{"line":296,"column":18}},"204":{"start":{"line":298,"column":2},"end":{"line":320,"column":4}},"205":{"start":{"line":299,"column":4},"end":{"line":299,"column":18}},"206":{"start":{"line":300,"column":4},"end":{"line":309,"column":5}},"207":{"start":{"line":301,"column":6},"end":{"line":301,"column":13}},"208":{"start":{"line":302,"column":6},"end":{"line":302,"column":30}},"209":{"start":{"line":303,"column":6},"end":{"line":307,"column":7}},"210":{"start":{"line":304,"column":8},"end":{"line":306,"column":9}},"211":{"start":{"line":305,"column":10},"end":{"line":305,"column":22}},"212":{"start":{"line":308,"column":6},"end":{"line":308,"column":19}},"213":{"start":{"line":310,"column":4},"end":{"line":319,"column":5}},"214":{"start":{"line":312,"column":8},"end":{"line":312,"column":65}},"215":{"start":{"line":314,"column":8},"end":{"line":314,"column":75}},"216":{"start":{"line":316,"column":8},"end":{"line":316,"column":21}},"217":{"start":{"line":318,"column":8},"end":{"line":318,"column":92}},"218":{"start":{"line":321,"column":2},"end":{"line":341,"column":4}},"219":{"start":{"line":322,"column":4},"end":{"line":326,"column":5}},"220":{"start":{"line":323,"column":6},"end":{"line":325,"column":9}},"221":{"start":{"line":324,"column":8},"end":{"line":324,"column":52}},"222":{"start":{"line":327,"column":4},"end":{"line":340,"column":5}},"223":{"start":{"line":329,"column":8},"end":{"line":329,"column":56}},"224":{"start":{"line":331,"column":8},"end":{"line":331,"column":66}},"225":{"start":{"line":333,"column":8},"end":{"line":333,"column":29}},"226":{"start":{"line":335,"column":8},"end":{"line":339,"column":9}},"227":{"start":{"line":336,"column":10},"end":{"line":336,"column":63}},"228":{"start":{"line":338,"column":10},"end":{"line":338,"column":20}},"229":{"start":{"line":342,"column":2},"end":{"line":396,"column":4}},"230":{"start":{"line":343,"column":4},"end":{"line":343,"column":63}},"231":{"start":{"line":344,"column":4},"end":{"line":350,"column":5}},"232":{"start":{"line":345,"column":6},"end":{"line":345,"column":34}},"233":{"start":{"line":346,"column":6},"end":{"line":346,"column":30}},"234":{"start":{"line":347,"column":6},"end":{"line":347,"column":26}},"235":{"start":{"line":348,"column":6},"end":{"line":348,"column":30}},"236":{"start":{"line":349,"column":6},"end":{"line":349,"column":13}},"237":{"start":{"line":351,"column":4},"end":{"line":351,"column":42}},"238":{"start":{"line":352,"column":4},"end":{"line":354,"column":5}},"239":{"start":{"line":353,"column":6},"end":{"line":353,"column":66}},"240":{"start":{"line":355,"column":4},"end":{"line":368,"column":5}},"241":{"start":{"line":356,"column":6},"end":{"line":356,"column":24}},"242":{"start":{"line":357,"column":6},"end":{"line":366,"column":7}},"243":{"start":{"line":358,"column":8},"end":{"line":360,"column":9}},"244":{"start":{"line":359,"column":10},"end":{"line":359,"column":141}},"245":{"start":{"line":361,"column":8},"end":{"line":361,"column":49}},"246":{"start":{"line":362,"column":8},"end":{"line":364,"column":9}},"247":{"start":{"line":363,"column":10},"end":{"line":363,"column":119}},"248":{"start":{"line":365,"column":8},"end":{"line":365,"column":26}},"249":{"start":{"line":367,"column":6},"end":{"line":367,"column":13}},"250":{"start":{"line":369,"column":4},"end":{"line":371,"column":5}},"251":{"start":{"line":370,"column":6},"end":{"line":370,"column":63}},"252":{"start":{"line":372,"column":4},"end":{"line":372,"column":49}},"253":{"start":{"line":373,"column":4},"end":{"line":375,"column":5}},"254":{"start":{"line":374,"column":6},"end":{"line":374,"column":62}},"255":{"start":{"line":376,"column":4},"end":{"line":384,"column":6}},"256":{"start":{"line":385,"column":4},"end":{"line":385,"column":32}},"257":{"start":{"line":386,"column":4},"end":{"line":386,"column":34}},"258":{"start":{"line":387,"column":4},"end":{"line":389,"column":5}},"259":{"start":{"line":388,"column":6},"end":{"line":388,"column":48}},"260":{"start":{"line":390,"column":4},"end":{"line":392,"column":5}},"261":{"start":{"line":391,"column":6},"end":{"line":391,"column":60}},"262":{"start":{"line":393,"column":4},"end":{"line":393,"column":28}},"263":{"start":{"line":394,"column":4},"end":{"line":394,"column":89}},"264":{"start":{"line":395,"column":4},"end":{"line":395,"column":42}},"265":{"start":{"line":397,"column":2},"end":{"line":409,"column":4}},"266":{"start":{"line":398,"column":4},"end":{"line":398,"column":22}},"267":{"start":{"line":399,"column":4},"end":{"line":399,"column":33}},"268":{"start":{"line":400,"column":4},"end":{"line":402,"column":5}},"269":{"start":{"line":401,"column":6},"end":{"line":401,"column":18}},"270":{"start":{"line":403,"column":4},"end":{"line":403,"column":28}},"271":{"start":{"line":404,"column":4},"end":{"line":408,"column":5}},"272":{"start":{"line":405,"column":6},"end":{"line":405,"column":55}},"273":{"start":{"line":407,"column":6},"end":{"line":407,"column":20}},"274":{"start":{"line":410,"column":2},"end":{"line":421,"column":4}},"275":{"start":{"line":411,"column":4},"end":{"line":413,"column":5}},"276":{"start":{"line":412,"column":6},"end":{"line":412,"column":18}},"277":{"start":{"line":414,"column":4},"end":{"line":416,"column":5}},"278":{"start":{"line":415,"column":6},"end":{"line":415,"column":73}},"279":{"start":{"line":417,"column":4},"end":{"line":419,"column":5}},"280":{"start":{"line":418,"column":6},"end":{"line":418,"column":65}},"281":{"start":{"line":420,"column":4},"end":{"line":420,"column":43}},"282":{"start":{"line":422,"column":2},"end":{"line":422,"column":45}},"283":{"start":{"line":423,"column":2},"end":{"line":423,"column":35}},"284":{"start":{"line":424,"column":2},"end":{"line":424,"column":47}},"285":{"start":{"line":425,"column":2},"end":{"line":425,"column":47}},"286":{"start":{"line":426,"column":2},"end":{"line":426,"column":59}},"287":{"start":{"line":427,"column":2},"end":{"line":427,"column":19}},"288":{"start":{"line":428,"column":2},"end":{"line":428,"column":35}},"289":{"start":{"line":429,"column":2},"end":{"line":429,"column":45}},"290":{"start":{"line":430,"column":2},"end":{"line":430,"column":57}},"291":{"start":{"line":431,"column":2},"end":{"line":431,"column":45}},"292":{"start":{"line":432,"column":2},"end":{"line":432,"column":33}},"293":{"start":{"line":433,"column":2},"end":{"line":433,"column":97}},"294":{"start":{"line":434,"column":2},"end":{"line":434,"column":35}},"295":{"start":{"line":435,"column":2},"end":{"line":435,"column":20}}},"branchMap":{"1":{"line":5,"type":"if","locations":[{"start":{"line":5,"column":2},"end":{"line":5,"column":2}},{"start":{"line":5,"column":2},"end":{"line":5,"column":2}}]},"2":{"line":5,"type":"binary-expr","locations":[{"start":{"line":5,"column":7},"end":{"line":5,"column":35}},{"start":{"line":5,"column":41},"end":{"line":5,"column":59}}]},"3":{"line":7,"type":"if","locations":[{"start":{"line":7,"column":9},"end":{"line":7,"column":9}},{"start":{"line":7,"column":9},"end":{"line":7,"column":9}}]},"4":{"line":7,"type":"binary-expr","locations":[{"start":{"line":7,"column":13},"end":{"line":7,"column":43}},{"start":{"line":7,"column":47},"end":{"line":7,"column":63}}]},"5":{"line":48,"type":"if","locations":[{"start":{"line":48,"column":6},"end":{"line":48,"column":6}},{"start":{"line":48,"column":6},"end":{"line":48,"column":6}}]},"6":{"line":51,"type":"if","locations":[{"start":{"line":51,"column":6},"end":{"line":51,"column":6}},{"start":{"line":51,"column":6},"end":{"line":51,"column":6}}]},"7":{"line":52,"type":"if","locations":[{"start":{"line":52,"column":8},"end":{"line":52,"column":8}},{"start":{"line":52,"column":8},"end":{"line":52,"column":8}}]},"8":{"line":75,"type":"if","locations":[{"start":{"line":75,"column":6},"end":{"line":75,"column":6}},{"start":{"line":75,"column":6},"end":{"line":75,"column":6}}]},"9":{"line":86,"type":"if","locations":[{"start":{"line":86,"column":6},"end":{"line":86,"column":6}},{"start":{"line":86,"column":6},"end":{"line":86,"column":6}}]},"10":{"line":95,"type":"cond-expr","locations":[{"start":{"line":95,"column":38},"end":{"line":95,"column":62}},{"start":{"line":95,"column":65},"end":{"line":95,"column":67}}]},"11":{"line":105,"type":"if","locations":[{"start":{"line":105,"column":8},"end":{"line":105,"column":8}},{"start":{"line":105,"column":8},"end":{"line":105,"column":8}}]},"12":{"line":116,"type":"cond-expr","locations":[{"start":{"line":116,"column":62},"end":{"line":116,"column":86}},{"start":{"line":116,"column":89},"end":{"line":116,"column":91}}]},"13":{"line":120,"type":"if","locations":[{"start":{"line":120,"column":6},"end":{"line":120,"column":6}},{"start":{"line":120,"column":6},"end":{"line":120,"column":6}}]},"14":{"line":132,"type":"if","locations":[{"start":{"line":132,"column":6},"end":{"line":132,"column":6}},{"start":{"line":132,"column":6},"end":{"line":132,"column":6}}]},"15":{"line":141,"type":"if","locations":[{"start":{"line":141,"column":6},"end":{"line":141,"column":6}},{"start":{"line":141,"column":6},"end":{"line":141,"column":6}}]},"16":{"line":150,"type":"cond-expr","locations":[{"start":{"line":150,"column":29},"end":{"line":150,"column":31}},{"start":{"line":150,"column":34},"end":{"line":150,"column":36}}]},"17":{"line":152,"type":"if","locations":[{"start":{"line":152,"column":6},"end":{"line":152,"column":6}},{"start":{"line":152,"column":6},"end":{"line":152,"column":6}}]},"18":{"line":154,"type":"if","locations":[{"start":{"line":154,"column":8},"end":{"line":154,"column":8}},{"start":{"line":154,"column":8},"end":{"line":154,"column":8}}]},"19":{"line":159,"type":"if","locations":[{"start":{"line":159,"column":6},"end":{"line":159,"column":6}},{"start":{"line":159,"column":6},"end":{"line":159,"column":6}}]},"20":{"line":162,"type":"if","locations":[{"start":{"line":162,"column":6},"end":{"line":162,"column":6}},{"start":{"line":162,"column":6},"end":{"line":162,"column":6}}]},"21":{"line":169,"type":"if","locations":[{"start":{"line":169,"column":4},"end":{"line":169,"column":4}},{"start":{"line":169,"column":4},"end":{"line":169,"column":4}}]},"22":{"line":169,"type":"binary-expr","locations":[{"start":{"line":169,"column":8},"end":{"line":169,"column":32}},{"start":{"line":169,"column":36},"end":{"line":169,"column":56}}]},"23":{"line":186,"type":"cond-expr","locations":[{"start":{"line":186,"column":38},"end":{"line":186,"column":62}},{"start":{"line":186,"column":65},"end":{"line":186,"column":67}}]},"24":{"line":194,"type":"if","locations":[{"start":{"line":194,"column":8},"end":{"line":194,"column":8}},{"start":{"line":194,"column":8},"end":{"line":194,"column":8}}]},"25":{"line":233,"type":"if","locations":[{"start":{"line":233,"column":4},"end":{"line":233,"column":4}},{"start":{"line":233,"column":4},"end":{"line":233,"column":4}}]},"26":{"line":238,"type":"switch","locations":[{"start":{"line":239,"column":6},"end":{"line":240,"column":23}},{"start":{"line":241,"column":6},"end":{"line":242,"column":50}},{"start":{"line":243,"column":6},"end":{"line":244,"column":45}},{"start":{"line":245,"column":6},"end":{"line":246,"column":91}}]},"27":{"line":250,"type":"if","locations":[{"start":{"line":250,"column":4},"end":{"line":250,"column":4}},{"start":{"line":250,"column":4},"end":{"line":250,"column":4}}]},"28":{"line":256,"type":"if","locations":[{"start":{"line":256,"column":4},"end":{"line":256,"column":4}},{"start":{"line":256,"column":4},"end":{"line":256,"column":4}}]},"29":{"line":259,"type":"switch","locations":[{"start":{"line":260,"column":6},"end":{"line":261,"column":21}},{"start":{"line":262,"column":6},"end":{"line":263,"column":31}},{"start":{"line":264,"column":6},"end":{"line":265,"column":18}},{"start":{"line":266,"column":6},"end":{"line":267,"column":45}}]},"30":{"line":272,"type":"if","locations":[{"start":{"line":272,"column":4},"end":{"line":272,"column":4}},{"start":{"line":272,"column":4},"end":{"line":272,"column":4}}]},"31":{"line":276,"type":"if","locations":[{"start":{"line":276,"column":4},"end":{"line":276,"column":4}},{"start":{"line":276,"column":4},"end":{"line":276,"column":4}}]},"32":{"line":277,"type":"if","locations":[{"start":{"line":277,"column":6},"end":{"line":277,"column":6}},{"start":{"line":277,"column":6},"end":{"line":277,"column":6}}]},"33":{"line":283,"type":"binary-expr","locations":[{"start":{"line":283,"column":12},"end":{"line":283,"column":28}},{"start":{"line":283,"column":32},"end":{"line":283,"column":33}}]},"34":{"line":284,"type":"cond-expr","locations":[{"start":{"line":284,"column":38},"end":{"line":284,"column":54}},{"start":{"line":284,"column":57},"end":{"line":284,"column":58}}]},"35":{"line":285,"type":"if","locations":[{"start":{"line":285,"column":4},"end":{"line":285,"column":4}},{"start":{"line":285,"column":4},"end":{"line":285,"column":4}}]},"36":{"line":286,"type":"if","locations":[{"start":{"line":286,"column":6},"end":{"line":286,"column":6}},{"start":{"line":286,"column":6},"end":{"line":286,"column":6}}]},"37":{"line":292,"type":"cond-expr","locations":[{"start":{"line":292,"column":36},"end":{"line":292,"column":48}},{"start":{"line":292,"column":51},"end":{"line":292,"column":56}}]},"38":{"line":293,"type":"if","locations":[{"start":{"line":293,"column":4},"end":{"line":293,"column":4}},{"start":{"line":293,"column":4},"end":{"line":293,"column":4}}]},"39":{"line":300,"type":"if","locations":[{"start":{"line":300,"column":4},"end":{"line":300,"column":4}},{"start":{"line":300,"column":4},"end":{"line":300,"column":4}}]},"40":{"line":304,"type":"if","locations":[{"start":{"line":304,"column":8},"end":{"line":304,"column":8}},{"start":{"line":304,"column":8},"end":{"line":304,"column":8}}]},"41":{"line":310,"type":"switch","locations":[{"start":{"line":311,"column":6},"end":{"line":312,"column":65}},{"start":{"line":313,"column":6},"end":{"line":314,"column":75}},{"start":{"line":315,"column":6},"end":{"line":316,"column":21}},{"start":{"line":317,"column":6},"end":{"line":318,"column":92}}]},"42":{"line":322,"type":"if","locations":[{"start":{"line":322,"column":4},"end":{"line":322,"column":4}},{"start":{"line":322,"column":4},"end":{"line":322,"column":4}}]},"43":{"line":327,"type":"switch","locations":[{"start":{"line":328,"column":6},"end":{"line":329,"column":56}},{"start":{"line":330,"column":6},"end":{"line":331,"column":66}},{"start":{"line":332,"column":6},"end":{"line":333,"column":29}},{"start":{"line":334,"column":6},"end":{"line":339,"column":9}}]},"44":{"line":335,"type":"if","locations":[{"start":{"line":335,"column":8},"end":{"line":335,"column":8}},{"start":{"line":335,"column":8},"end":{"line":335,"column":8}}]},"45":{"line":344,"type":"if","locations":[{"start":{"line":344,"column":4},"end":{"line":344,"column":4}},{"start":{"line":344,"column":4},"end":{"line":344,"column":4}}]},"46":{"line":352,"type":"if","locations":[{"start":{"line":352,"column":4},"end":{"line":352,"column":4}},{"start":{"line":352,"column":4},"end":{"line":352,"column":4}}]},"47":{"line":352,"type":"binary-expr","locations":[{"start":{"line":352,"column":11},"end":{"line":352,"column":35}},{"start":{"line":352,"column":40},"end":{"line":352,"column":52}}]},"48":{"line":355,"type":"if","locations":[{"start":{"line":355,"column":4},"end":{"line":355,"column":4}},{"start":{"line":355,"column":4},"end":{"line":355,"column":4}}]},"49":{"line":357,"type":"if","locations":[{"start":{"line":357,"column":6},"end":{"line":357,"column":6}},{"start":{"line":357,"column":6},"end":{"line":357,"column":6}}]},"50":{"line":358,"type":"if","locations":[{"start":{"line":358,"column":8},"end":{"line":358,"column":8}},{"start":{"line":358,"column":8},"end":{"line":358,"column":8}}]},"51":{"line":362,"type":"if","locations":[{"start":{"line":362,"column":8},"end":{"line":362,"column":8}},{"start":{"line":362,"column":8},"end":{"line":362,"column":8}}]},"52":{"line":369,"type":"if","locations":[{"start":{"line":369,"column":4},"end":{"line":369,"column":4}},{"start":{"line":369,"column":4},"end":{"line":369,"column":4}}]},"53":{"line":373,"type":"if","locations":[{"start":{"line":373,"column":4},"end":{"line":373,"column":4}},{"start":{"line":373,"column":4},"end":{"line":373,"column":4}}]},"54":{"line":377,"type":"binary-expr","locations":[{"start":{"line":377,"column":19},"end":{"line":377,"column":58}},{"start":{"line":377,"column":63},"end":{"line":377,"column":88}}]},"55":{"line":377,"type":"cond-expr","locations":[{"start":{"line":377,"column":34},"end":{"line":377,"column":49}},{"start":{"line":377,"column":52},"end":{"line":377,"column":58}}]},"56":{"line":378,"type":"binary-expr","locations":[{"start":{"line":378,"column":29},"end":{"line":378,"column":78}},{"start":{"line":378,"column":83},"end":{"line":378,"column":118}}]},"57":{"line":378,"type":"cond-expr","locations":[{"start":{"line":378,"column":44},"end":{"line":378,"column":69}},{"start":{"line":378,"column":72},"end":{"line":378,"column":78}}]},"58":{"line":379,"type":"binary-expr","locations":[{"start":{"line":379,"column":27},"end":{"line":379,"column":74}},{"start":{"line":379,"column":79},"end":{"line":379,"column":112}}]},"59":{"line":379,"type":"cond-expr","locations":[{"start":{"line":379,"column":42},"end":{"line":379,"column":65}},{"start":{"line":379,"column":68},"end":{"line":379,"column":74}}]},"60":{"line":380,"type":"binary-expr","locations":[{"start":{"line":380,"column":28},"end":{"line":380,"column":76}},{"start":{"line":380,"column":81},"end":{"line":380,"column":115}}]},"61":{"line":380,"type":"cond-expr","locations":[{"start":{"line":380,"column":43},"end":{"line":380,"column":67}},{"start":{"line":380,"column":70},"end":{"line":380,"column":76}}]},"62":{"line":381,"type":"binary-expr","locations":[{"start":{"line":381,"column":33},"end":{"line":381,"column":86}},{"start":{"line":381,"column":91},"end":{"line":381,"column":130}}]},"63":{"line":381,"type":"cond-expr","locations":[{"start":{"line":381,"column":48},"end":{"line":381,"column":77}},{"start":{"line":381,"column":80},"end":{"line":381,"column":86}}]},"64":{"line":382,"type":"binary-expr","locations":[{"start":{"line":382,"column":31},"end":{"line":382,"column":82}},{"start":{"line":382,"column":87},"end":{"line":382,"column":124}}]},"65":{"line":382,"type":"cond-expr","locations":[{"start":{"line":382,"column":46},"end":{"line":382,"column":73}},{"start":{"line":382,"column":76},"end":{"line":382,"column":82}}]},"66":{"line":383,"type":"binary-expr","locations":[{"start":{"line":383,"column":21},"end":{"line":383,"column":62}},{"start":{"line":383,"column":67},"end":{"line":383,"column":94}}]},"67":{"line":383,"type":"cond-expr","locations":[{"start":{"line":383,"column":36},"end":{"line":383,"column":53}},{"start":{"line":383,"column":56},"end":{"line":383,"column":62}}]},"68":{"line":387,"type":"if","locations":[{"start":{"line":387,"column":4},"end":{"line":387,"column":4}},{"start":{"line":387,"column":4},"end":{"line":387,"column":4}}]},"69":{"line":390,"type":"if","locations":[{"start":{"line":390,"column":4},"end":{"line":390,"column":4}},{"start":{"line":390,"column":4},"end":{"line":390,"column":4}}]},"70":{"line":400,"type":"if","locations":[{"start":{"line":400,"column":4},"end":{"line":400,"column":4}},{"start":{"line":400,"column":4},"end":{"line":400,"column":4}}]},"71":{"line":404,"type":"if","locations":[{"start":{"line":404,"column":4},"end":{"line":404,"column":4}},{"start":{"line":404,"column":4},"end":{"line":404,"column":4}}]},"72":{"line":411,"type":"if","locations":[{"start":{"line":411,"column":4},"end":{"line":411,"column":4}},{"start":{"line":411,"column":4},"end":{"line":411,"column":4}}]},"73":{"line":414,"type":"if","locations":[{"start":{"line":414,"column":4},"end":{"line":414,"column":4}},{"start":{"line":414,"column":4},"end":{"line":414,"column":4}}]},"74":{"line":417,"type":"if","locations":[{"start":{"line":417,"column":4},"end":{"line":417,"column":4}},{"start":{"line":417,"column":4},"end":{"line":417,"column":4}}]}}}}