TN:
SF:/Users/mk/workspace/url-pattern/lib/url-pattern.js
FN:4,(anonymous_1)
FN:12,(anonymous_2)
FN:14,(anonymous_3)
FN:17,(anonymous_4)
FN:27,(anonymous_5)
FN:37,(anonymous_6)
FN:40,(anonymous_7)
FN:63,(anonymous_8)
FN:67,(anonymous_9)
FN:71,(anonymous_10)
FN:72,(anonymous_11)
FN:82,(anonymous_12)
FN:83,(anonymous_13)
FN:93,(anonymous_14)
FN:96,(anonymous_15)
FN:114,(anonymous_16)
FN:117,(anonymous_17)
FN:128,(anonymous_18)
FN:131,(anonymous_19)
FN:137,(anonymous_20)
FN:140,(anonymous_21)
FN:147,(anonymous_22)
FN:174,(anonymous_23)
FN:175,(anonymous_24)
FN:179,(anonymous_25)
FN:180,(anonymous_26)
FN:184,(anonymous_27)
FN:187,(anonymous_28)
FN:200,(anonymous_29)
FN:204,(anonymous_30)
FN:208,(anonymous_31)
FN:212,(anonymous_32)
FN:215,(anonymous_33)
FN:218,(anonymous_34)
FN:232,(anonymous_35)
FN:234,(anonymous_36)
FN:249,(anonymous_37)
FN:255,(anonymous_38)
FN:270,(anonymous_39)
FN:298,(anonymous_40)
FN:321,(anonymous_41)
FN:323,(anonymous_42)
FN:342,(anonymous_43)
FN:397,(anonymous_44)
FN:410,(anonymous_45)
FNF:45
FNH:45
FNDA:1,(anonymous_1)
FNDA:1,(anonymous_2)
FNDA:157,(anonymous_3)
FNDA:110,(anonymous_4)
FNDA:169,(anonymous_5)
FNDA:11,(anonymous_6)
FNDA:68,(anonymous_7)
FNDA:2595,(anonymous_8)
FNDA:495,(anonymous_9)
FNDA:284,(anonymous_10)
FNDA:3199,(anonymous_11)
FNDA:213,(anonymous_12)
FNDA:1102,(anonymous_13)
FNDA:2087,(anonymous_14)
FNDA:2087,(anonymous_15)
FNDA:213,(anonymous_16)
FNDA:2087,(anonymous_17)
FNDA:568,(anonymous_18)
FNDA:7452,(anonymous_19)
FNDA:355,(anonymous_20)
FNDA:2437,(anonymous_21)
FNDA:612,(anonymous_22)
FNDA:71,(anonymous_23)
FNDA:191,(anonymous_24)
FNDA:71,(anonymous_25)
FNDA:421,(anonymous_26)
FNDA:213,(anonymous_27)
FNDA:2900,(anonymous_28)
FNDA:71,(anonymous_29)
FNDA:23,(anonymous_30)
FNDA:45,(anonymous_31)
FNDA:68,(anonymous_32)
FNDA:71,(anonymous_33)
FNDA:71,(anonymous_34)
FNDA:392,(anonymous_35)
FNDA:285,(anonymous_36)
FNDA:70,(anonymous_37)
FNDA:392,(anonymous_38)
FNDA:135,(anonymous_39)
FNDA:129,(anonymous_40)
FNDA:243,(anonymous_41)
FNDA:185,(anonymous_42)
FNDA:85,(anonymous_43)
FNDA:86,(anonymous_44)
FNDA:39,(anonymous_45)
DA:2,1
DA:4,1
DA:5,1
DA:6,0
DA:7,1
DA:8,1
DA:10,0
DA:13,1
DA:14,1
DA:15,157
DA:17,1
DA:18,110
DA:19,110
DA:20,110
DA:21,110
DA:22,110
DA:23,289
DA:25,110
DA:27,1
DA:28,169
DA:29,169
DA:30,169
DA:31,169
DA:32,169
DA:33,477
DA:35,158
DA:37,1
DA:38,11
DA:40,1
DA:41,68
DA:42,68
DA:43,68
DA:44,68
DA:45,68
DA:46,135
DA:47,135
DA:48,135
DA:49,19
DA:51,116
DA:52,16
DA:53,12
DA:55,16
DA:57,100
DA:60,68
DA:62,1
DA:63,1
DA:64,2595
DA:65,2595
DA:67,1
DA:68,495
DA:69,495
DA:71,1
DA:72,284
DA:73,3199
DA:74,3199
DA:75,3199
DA:76,2704
DA:78,495
DA:79,495
DA:82,1
DA:83,213
DA:84,1102
DA:85,1102
DA:86,1102
DA:87,151
DA:89,951
DA:90,951
DA:93,1
DA:94,2087
DA:95,2087
DA:96,2087
DA:97,2087
DA:98,2087
DA:99,2087
DA:100,2087
DA:101,2087
DA:102,2087
DA:103,2335
DA:104,2335
DA:105,2335
DA:106,1919
DA:108,416
DA:109,416
DA:111,168
DA:114,1
DA:115,213
DA:116,213
DA:117,213
DA:118,2087
DA:119,2087
DA:120,2087
DA:121,1919
DA:123,168
DA:124,168
DA:125,168
DA:128,1
DA:129,568
DA:130,568
DA:131,568
DA:132,7452
DA:133,581
DA:137,1
DA:138,355
DA:139,355
DA:140,355
DA:141,2437
DA:142,278
DA:144,2437
DA:147,1
DA:148,612
DA:149,612
DA:150,612
DA:151,612
DA:152,1904
DA:153,1272
DA:154,1272
DA:155,276
DA:158,1628
DA:159,1628
DA:160,336
DA:162,1292
DA:163,851
DA:165,441
DA:167,1292
DA:169,612
DA:170,212
DA:172,400
DA:174,1
DA:175,71
DA:176,191
DA:179,1
DA:180,71
DA:181,421
DA:184,1
DA:185,213
DA:186,213
DA:187,213
DA:188,2900
DA:189,2900
DA:190,2900
DA:191,2900
DA:192,8769
DA:193,8769
DA:194,8769
DA:195,1568
DA:200,1
DA:201,71
DA:202,71
DA:203,71
DA:204,71
DA:205,23
DA:207,71
DA:208,71
DA:209,45
DA:211,71
DA:212,71
DA:213,68
DA:215,71
DA:216,71
DA:218,71
DA:219,71
DA:221,71
DA:223,1
DA:232,1
DA:233,392
DA:234,107
DA:235,285
DA:238,285
DA:240,37
DA:242,66
DA:244,145
DA:246,37
DA:249,1
DA:250,70
DA:251,8
DA:253,70
DA:255,1
DA:256,392
DA:257,107
DA:259,285
DA:261,37
DA:263,66
DA:265,145
DA:267,37
DA:270,1
DA:271,135
DA:272,135
DA:273,13
DA:275,135
DA:276,135
DA:277,25
DA:278,5
DA:280,20
DA:283,110
DA:284,110
DA:285,110
DA:286,14
DA:287,6
DA:289,8
DA:292,96
DA:293,96
DA:294,68
DA:296,96
DA:298,1
DA:299,129
DA:300,129
DA:301,40
DA:302,40
DA:303,40
DA:304,89
DA:305,21
DA:308,19
DA:310,89
DA:312,9
DA:314,34
DA:316,40
DA:318,6
DA:321,1
DA:322,243
DA:323,58
DA:324,185
DA:327,185
DA:329,15
DA:331,51
DA:333,85
DA:335,34
DA:336,21
DA:338,13
DA:342,1
DA:343,85
DA:344,85
DA:345,1
DA:346,1
DA:347,1
DA:348,1
DA:349,1
DA:351,84
DA:352,84
DA:353,2
DA:355,82
DA:356,10
DA:357,10
DA:358,5
DA:359,1
DA:361,4
DA:362,4
DA:363,2
DA:365,2
DA:367,7
DA:369,72
DA:370,1
DA:372,71
DA:373,71
DA:374,2
DA:376,69
DA:385,69
DA:386,69
DA:387,69
DA:388,5
DA:390,64
DA:391,2
DA:393,62
DA:394,62
DA:395,62
DA:397,1
DA:398,86
DA:399,86
DA:400,86
DA:401,23
DA:403,63
DA:404,63
DA:405,59
DA:407,4
DA:410,1
DA:411,39
DA:412,9
DA:414,39
DA:415,1
DA:417,38
DA:418,1
DA:420,37
DA:422,1
DA:423,1
DA:424,1
DA:425,1
DA:426,1
DA:427,1
DA:428,1
DA:429,1
DA:430,1
DA:431,1
DA:432,1
DA:433,1
DA:434,1
DA:435,1
LF:295
LH:293
BRDA:5,1,0,0
BRDA:5,1,1,1
BRDA:5,2,0,1
BRDA:5,2,1,0
BRDA:7,3,0,1
BRDA:7,3,1,0
BRDA:7,4,0,1
BRDA:7,4,1,1
BRDA:48,5,0,19
BRDA:48,5,1,116
BRDA:51,6,0,16
BRDA:51,6,1,100
BRDA:52,7,0,12
BRDA:52,7,1,4
BRDA:75,8,0,2704
BRDA:75,8,1,495
BRDA:86,9,0,151
BRDA:86,9,1,951
BRDA:95,10,0,2087
BRDA:95,10,1,0
BRDA:105,11,0,1919
BRDA:105,11,1,416
BRDA:116,12,0,213
BRDA:116,12,1,0
BRDA:120,13,0,1919
BRDA:120,13,1,168
BRDA:132,14,0,581
BRDA:132,14,1,6871
BRDA:141,15,0,278
BRDA:141,15,1,2159
BRDA:150,16,0,421
BRDA:150,16,1,191
BRDA:152,17,0,1272
BRDA:152,17,1,632
BRDA:154,18,0,276
BRDA:154,18,1,996
BRDA:159,19,0,336
BRDA:159,19,1,1292
BRDA:162,20,0,851
BRDA:162,20,1,441
BRDA:169,21,0,212
BRDA:169,21,1,400
BRDA:169,22,0,612
BRDA:169,22,1,612
BRDA:186,23,0,213
BRDA:186,23,1,0
BRDA:194,24,0,1568
BRDA:194,24,1,7201
BRDA:233,25,0,107
BRDA:233,25,1,285
BRDA:238,26,0,37
BRDA:238,26,1,66
BRDA:238,26,2,145
BRDA:238,26,3,37
BRDA:250,27,0,8
BRDA:250,27,1,62
BRDA:256,28,0,107
BRDA:256,28,1,285
BRDA:259,29,0,37
BRDA:259,29,1,66
BRDA:259,29,2,145
BRDA:259,29,3,37
BRDA:272,30,0,13
BRDA:272,30,1,122
BRDA:276,31,0,25
BRDA:276,31,1,110
BRDA:277,32,0,5
BRDA:277,32,1,20
BRDA:283,33,0,110
BRDA:283,33,1,87
BRDA:284,34,0,28
BRDA:284,34,1,82
BRDA:285,35,0,14
BRDA:285,35,1,96
BRDA:286,36,0,6
BRDA:286,36,1,8
BRDA:292,37,0,22
BRDA:292,37,1,74
BRDA:293,38,0,68
BRDA:293,38,1,28
BRDA:300,39,0,40
BRDA:300,39,1,89
BRDA:304,40,0,21
BRDA:304,40,1,68
BRDA:310,41,0,9
BRDA:310,41,1,34
BRDA:310,41,2,40
BRDA:310,41,3,6
BRDA:322,42,0,58
BRDA:322,42,1,185
BRDA:327,43,0,15
BRDA:327,43,1,51
BRDA:327,43,2,85
BRDA:327,43,3,34
BRDA:335,44,0,21
BRDA:335,44,1,13
BRDA:344,45,0,1
BRDA:344,45,1,84
BRDA:352,46,0,2
BRDA:352,46,1,82
BRDA:352,47,0,84
BRDA:352,47,1,12
BRDA:355,48,0,10
BRDA:355,48,1,72
BRDA:357,49,0,5
BRDA:357,49,1,5
BRDA:358,50,0,1
BRDA:358,50,1,4
BRDA:362,51,0,2
BRDA:362,51,1,2
BRDA:369,52,0,1
BRDA:369,52,1,71
BRDA:373,53,0,2
BRDA:373,53,1,69
BRDA:377,54,0,69
BRDA:377,54,1,68
BRDA:377,55,0,2
BRDA:377,55,1,67
BRDA:378,56,0,69
BRDA:378,56,1,68
BRDA:378,57,0,2
BRDA:378,57,1,67
BRDA:379,58,0,69
BRDA:379,58,1,68
BRDA:379,59,0,2
BRDA:379,59,1,67
BRDA:380,60,0,69
BRDA:380,60,1,67
BRDA:380,61,0,2
BRDA:380,61,1,67
BRDA:381,62,0,69
BRDA:381,62,1,68
BRDA:381,63,0,2
BRDA:381,63,1,67
BRDA:382,64,0,69
BRDA:382,64,1,68
BRDA:382,65,0,2
BRDA:382,65,1,67
BRDA:383,66,0,69
BRDA:383,66,1,68
BRDA:383,67,0,2
BRDA:383,67,1,67
BRDA:387,68,0,5
BRDA:387,68,1,64
BRDA:390,69,0,2
BRDA:390,69,1,62
BRDA:400,70,0,23
BRDA:400,70,1,63
BRDA:404,71,0,59
BRDA:404,71,1,4
BRDA:411,72,0,9
BRDA:411,72,1,30
BRDA:414,73,0,1
BRDA:414,73,1,38
BRDA:417,74,0,1
BRDA:417,74,1,37
BRF:156
BRH:150
end_of_record
