TN:
SF:/Users/mk/workspace/url-pattern/lib/url-pattern.js
FN:4,(anonymous_1)
FN:12,(anonymous_2)
FN:14,(anonymous_3)
FN:17,(anonymous_4)
FN:27,(anonymous_5)
FN:37,(anonymous_6)
FN:40,(anonymous_7)
FN:63,(anonymous_8)
FN:67,(anonymous_9)
FN:71,(anonymous_10)
FN:72,(anonymous_11)
FN:82,(anonymous_12)
FN:83,(anonymous_13)
FN:93,(anonymous_14)
FN:96,(anonymous_15)
FN:114,(anonymous_16)
FN:117,(anonymous_17)
FN:128,(anonymous_18)
FN:131,(anonymous_19)
FN:137,(anonymous_20)
FN:140,(anonymous_21)
FN:147,(anonymous_22)
FN:174,(anonymous_23)
FN:175,(anonymous_24)
FN:179,(anonymous_25)
FN:180,(anonymous_26)
FN:184,(anonymous_27)
FN:187,(anonymous_28)
FN:200,(anonymous_29)
FN:204,(anonymous_30)
FN:208,(anonymous_31)
FN:212,(anonymous_32)
FN:215,(anonymous_33)
FN:218,(anonymous_34)
FN:232,(anonymous_35)
FN:234,(anonymous_36)
FN:249,(anonymous_37)
FN:255,(anonymous_38)
FN:270,(anonymous_39)
FN:298,(anonymous_40)
FN:321,(anonymous_41)
FN:323,(anonymous_42)
FN:342,(anonymous_43)
FN:397,(anonymous_44)
FN:410,(anonymous_45)
FNF:45
FNH:39
FNDA:1,(anonymous_1)
FNDA:1,(anonymous_2)
FNDA:4,(anonymous_3)
FNDA:2,(anonymous_4)
FNDA:2,(anonymous_5)
FNDA:1,(anonymous_6)
FNDA:4,(anonymous_7)
FNDA:51,(anonymous_8)
FNDA:7,(anonymous_9)
FNDA:8,(anonymous_10)
FNDA:62,(anonymous_11)
FNDA:6,(anonymous_12)
FNDA:32,(anonymous_13)
FNDA:47,(anonymous_14)
FNDA:47,(anonymous_15)
FNDA:6,(anonymous_16)
FNDA:47,(anonymous_17)
FNDA:16,(anonymous_18)
FNDA:175,(anonymous_19)
FNDA:10,(anonymous_20)
FNDA:50,(anonymous_21)
FNDA:8,(anonymous_22)
FNDA:2,(anonymous_23)
FNDA:2,(anonymous_24)
FNDA:2,(anonymous_25)
FNDA:6,(anonymous_26)
FNDA:6,(anonymous_27)
FNDA:70,(anonymous_28)
FNDA:2,(anonymous_29)
FNDA:0,(anonymous_30)
FNDA:2,(anonymous_31)
FNDA:2,(anonymous_32)
FNDA:2,(anonymous_33)
FNDA:2,(anonymous_34)
FNDA:9,(anonymous_35)
FNDA:7,(anonymous_36)
FNDA:2,(anonymous_37)
FNDA:9,(anonymous_38)
FNDA:0,(anonymous_39)
FNDA:0,(anonymous_40)
FNDA:0,(anonymous_41)
FNDA:0,(anonymous_42)
FNDA:4,(anonymous_43)
FNDA:7,(anonymous_44)
FNDA:0,(anonymous_45)
DA:2,1
DA:4,1
DA:5,1
DA:6,0
DA:7,1
DA:8,1
DA:10,0
DA:13,1
DA:14,1
DA:15,4
DA:17,1
DA:18,2
DA:19,2
DA:20,2
DA:21,2
DA:22,2
DA:23,7
DA:25,2
DA:27,1
DA:28,2
DA:29,2
DA:30,2
DA:31,2
DA:32,2
DA:33,7
DA:35,2
DA:37,1
DA:38,1
DA:40,1
DA:41,4
DA:42,4
DA:43,4
DA:44,4
DA:45,4
DA:46,7
DA:47,7
DA:48,7
DA:49,1
DA:51,6
DA:52,0
DA:53,0
DA:55,0
DA:57,6
DA:60,4
DA:62,1
DA:63,1
DA:64,51
DA:65,51
DA:67,1
DA:68,7
DA:69,7
DA:71,1
DA:72,8
DA:73,62
DA:74,62
DA:75,62
DA:76,55
DA:78,7
DA:79,7
DA:82,1
DA:83,6
DA:84,32
DA:85,32
DA:86,32
DA:87,3
DA:89,29
DA:90,29
DA:93,1
DA:94,47
DA:95,47
DA:96,47
DA:97,47
DA:98,47
DA:99,47
DA:100,47
DA:101,47
DA:102,47
DA:103,50
DA:104,50
DA:105,50
DA:106,44
DA:108,6
DA:109,6
DA:111,3
DA:114,1
DA:115,6
DA:116,6
DA:117,6
DA:118,47
DA:119,47
DA:120,47
DA:121,44
DA:123,3
DA:124,3
DA:125,3
DA:128,1
DA:129,16
DA:130,16
DA:131,16
DA:132,175
DA:133,6
DA:137,1
DA:138,10
DA:139,10
DA:140,10
DA:141,50
DA:142,8
DA:144,50
DA:147,1
DA:148,8
DA:149,8
DA:150,8
DA:151,8
DA:152,41
DA:153,32
DA:154,32
DA:155,3
DA:158,38
DA:159,38
DA:160,5
DA:162,33
DA:163,26
DA:165,7
DA:167,33
DA:169,8
DA:170,2
DA:172,6
DA:174,1
DA:175,2
DA:176,2
DA:179,1
DA:180,2
DA:181,6
DA:184,1
DA:185,6
DA:186,6
DA:187,6
DA:188,70
DA:189,70
DA:190,70
DA:191,70
DA:192,210
DA:193,210
DA:194,210
DA:195,36
DA:200,1
DA:201,2
DA:202,2
DA:203,2
DA:204,2
DA:205,0
DA:207,2
DA:208,2
DA:209,2
DA:211,2
DA:212,2
DA:213,2
DA:215,2
DA:216,2
DA:218,2
DA:219,2
DA:221,2
DA:223,1
DA:232,1
DA:233,9
DA:234,2
DA:235,7
DA:238,7
DA:240,0
DA:242,3
DA:244,4
DA:246,0
DA:249,1
DA:250,2
DA:251,0
DA:253,2
DA:255,1
DA:256,9
DA:257,2
DA:259,7
DA:261,0
DA:263,3
DA:265,4
DA:267,0
DA:270,1
DA:271,0
DA:272,0
DA:273,0
DA:275,0
DA:276,0
DA:277,0
DA:278,0
DA:280,0
DA:283,0
DA:284,0
DA:285,0
DA:286,0
DA:287,0
DA:289,0
DA:292,0
DA:293,0
DA:294,0
DA:296,0
DA:298,1
DA:299,0
DA:300,0
DA:301,0
DA:302,0
DA:303,0
DA:304,0
DA:305,0
DA:308,0
DA:310,0
DA:312,0
DA:314,0
DA:316,0
DA:318,0
DA:321,1
DA:322,0
DA:323,0
DA:324,0
DA:327,0
DA:329,0
DA:331,0
DA:333,0
DA:335,0
DA:336,0
DA:338,0
DA:342,1
DA:343,4
DA:344,4
DA:345,1
DA:346,1
DA:347,1
DA:348,1
DA:349,1
DA:351,3
DA:352,3
DA:353,0
DA:355,3
DA:356,1
DA:357,1
DA:358,1
DA:359,0
DA:361,1
DA:362,1
DA:363,0
DA:365,1
DA:367,1
DA:369,2
DA:370,0
DA:372,2
DA:373,2
DA:374,0
DA:376,2
DA:385,2
DA:386,2
DA:387,2
DA:388,0
DA:390,2
DA:391,0
DA:393,2
DA:394,2
DA:395,2
DA:397,1
DA:398,7
DA:399,7
DA:400,7
DA:401,3
DA:403,4
DA:404,4
DA:405,4
DA:407,0
DA:410,1
DA:411,0
DA:412,0
DA:414,0
DA:415,0
DA:417,0
DA:418,0
DA:420,0
DA:422,1
DA:423,1
DA:424,1
DA:425,1
DA:426,1
DA:427,1
DA:428,1
DA:429,1
DA:430,1
DA:431,1
DA:432,1
DA:433,1
DA:434,1
DA:435,1
LF:295
LH:228
BRDA:5,1,0,0
BRDA:5,1,1,1
BRDA:5,2,0,1
BRDA:5,2,1,0
BRDA:7,3,0,1
BRDA:7,3,1,0
BRDA:7,4,0,1
BRDA:7,4,1,1
BRDA:48,5,0,1
BRDA:48,5,1,6
BRDA:51,6,0,0
BRDA:51,6,1,6
BRDA:52,7,0,0
BRDA:52,7,1,0
BRDA:75,8,0,55
BRDA:75,8,1,7
BRDA:86,9,0,3
BRDA:86,9,1,29
BRDA:95,10,0,47
BRDA:95,10,1,0
BRDA:105,11,0,44
BRDA:105,11,1,6
BRDA:116,12,0,6
BRDA:116,12,1,0
BRDA:120,13,0,44
BRDA:120,13,1,3
BRDA:132,14,0,6
BRDA:132,14,1,169
BRDA:141,15,0,8
BRDA:141,15,1,42
BRDA:150,16,0,6
BRDA:150,16,1,2
BRDA:152,17,0,32
BRDA:152,17,1,9
BRDA:154,18,0,3
BRDA:154,18,1,29
BRDA:159,19,0,5
BRDA:159,19,1,33
BRDA:162,20,0,26
BRDA:162,20,1,7
BRDA:169,21,0,2
BRDA:169,21,1,6
BRDA:169,22,0,8
BRDA:169,22,1,8
BRDA:186,23,0,6
BRDA:186,23,1,0
BRDA:194,24,0,36
BRDA:194,24,1,174
BRDA:233,25,0,2
BRDA:233,25,1,7
BRDA:238,26,0,0
BRDA:238,26,1,3
BRDA:238,26,2,4
BRDA:238,26,3,0
BRDA:250,27,0,0
BRDA:250,27,1,2
BRDA:256,28,0,2
BRDA:256,28,1,7
BRDA:259,29,0,0
BRDA:259,29,1,3
BRDA:259,29,2,4
BRDA:259,29,3,0
BRDA:272,30,0,0
BRDA:272,30,1,0
BRDA:276,31,0,0
BRDA:276,31,1,0
BRDA:277,32,0,0
BRDA:277,32,1,0
BRDA:283,33,0,0
BRDA:283,33,1,0
BRDA:284,34,0,0
BRDA:284,34,1,0
BRDA:285,35,0,0
BRDA:285,35,1,0
BRDA:286,36,0,0
BRDA:286,36,1,0
BRDA:292,37,0,0
BRDA:292,37,1,0
BRDA:293,38,0,0
BRDA:293,38,1,0
BRDA:300,39,0,0
BRDA:300,39,1,0
BRDA:304,40,0,0
BRDA:304,40,1,0
BRDA:310,41,0,0
BRDA:310,41,1,0
BRDA:310,41,2,0
BRDA:310,41,3,0
BRDA:322,42,0,0
BRDA:322,42,1,0
BRDA:327,43,0,0
BRDA:327,43,1,0
BRDA:327,43,2,0
BRDA:327,43,3,0
BRDA:335,44,0,0
BRDA:335,44,1,0
BRDA:344,45,0,1
BRDA:344,45,1,3
BRDA:352,46,0,0
BRDA:352,46,1,3
BRDA:352,47,0,3
BRDA:352,47,1,1
BRDA:355,48,0,1
BRDA:355,48,1,2
BRDA:357,49,0,1
BRDA:357,49,1,0
BRDA:358,50,0,0
BRDA:358,50,1,1
BRDA:362,51,0,0
BRDA:362,51,1,1
BRDA:369,52,0,0
BRDA:369,52,1,2
BRDA:373,53,0,0
BRDA:373,53,1,2
BRDA:377,54,0,2
BRDA:377,54,1,2
BRDA:377,55,0,1
BRDA:377,55,1,1
BRDA:378,56,0,2
BRDA:378,56,1,2
BRDA:378,57,0,1
BRDA:378,57,1,1
BRDA:379,58,0,2
BRDA:379,58,1,2
BRDA:379,59,0,1
BRDA:379,59,1,1
BRDA:380,60,0,2
BRDA:380,60,1,1
BRDA:380,61,0,1
BRDA:380,61,1,1
BRDA:381,62,0,2
BRDA:381,62,1,2
BRDA:381,63,0,1
BRDA:381,63,1,1
BRDA:382,64,0,2
BRDA:382,64,1,2
BRDA:382,65,0,1
BRDA:382,65,1,1
BRDA:383,66,0,2
BRDA:383,66,1,2
BRDA:383,67,0,1
BRDA:383,67,1,1
BRDA:387,68,0,0
BRDA:387,68,1,2
BRDA:390,69,0,0
BRDA:390,69,1,2
BRDA:400,70,0,3
BRDA:400,70,1,4
BRDA:404,71,0,4
BRDA:404,71,1,0
BRDA:411,72,0,0
BRDA:411,72,1,0
BRDA:414,73,0,0
BRDA:414,73,1,0
BRDA:417,74,0,0
BRDA:417,74,1,0
BRF:156
BRH:93
end_of_record
